[2022-02-14 16:25:53] production.ERROR: SQLSTATE[HY000] [1045] Access denied for user 'forge'@'localhost' (using password: NO) (SQL: SELECT projectNumber, projectName FROM projects WHERE year = 2022 AND active = 1 ORDER BY projectNumber ) {"exception":"[object] (Illuminate\\Database\\QueryException(code: 1045): SQLSTATE[HY000] [1045] Access denied for user 'forge'@'localhost' (using password: NO) (SQL: SELECT projectNumber, projectName FROM projects WHERE year = 2022 AND active = 1 ORDER BY projectNumber ) at C:\\xampp\\htdocs\\sicofi_api\\vendor\\illuminate\\database\\Connection.php:703)
[stacktrace]
#0 C:\\xampp\\htdocs\\sicofi_api\\vendor\\illuminate\\database\\Connection.php(663): Illuminate\\Database\\Connection->runQueryCallback('SELECT projectN...', Array, Object(Closure))
#1 C:\\xampp\\htdocs\\sicofi_api\\vendor\\illuminate\\database\\Connection.php(367): Illuminate\\Database\\Connection->run('SELECT projectN...', Array, Object(Closure))
#2 C:\\xampp\\htdocs\\sicofi_api\\vendor\\illuminate\\database\\DatabaseManager.php(388): Illuminate\\Database\\Connection->select('SELECT projectN...')
#3 C:\\xampp\\htdocs\\sicofi_api\\vendor\\illuminate\\support\\Facades\\Facade.php(261): Illuminate\\Database\\DatabaseManager->__call('select', Array)
#4 C:\\xampp\\htdocs\\sicofi_api\\app\\Http\\Controllers\\ProjectsController.php(24): Illuminate\\Support\\Facades\\Facade::__callStatic('select', Array)
#5 C:\\xampp\\htdocs\\sicofi_api\\vendor\\illuminate\\container\\BoundMethod.php(36): App\\Http\\Controllers\\ProjectsController->simple_list(Object(Laravel\\Lumen\\Http\\Request))
#6 C:\\xampp\\htdocs\\sicofi_api\\vendor\\illuminate\\container\\Util.php(40): Illuminate\\Container\\BoundMethod::Illuminate\\Container\\{closure}()
#7 C:\\xampp\\htdocs\\sicofi_api\\vendor\\illuminate\\container\\BoundMethod.php(93): Illuminate\\Container\\Util::unwrapIfClosure(Object(Closure))
#8 C:\\xampp\\htdocs\\sicofi_api\\vendor\\illuminate\\container\\BoundMethod.php(37): Illuminate\\Container\\BoundMethod::callBoundMethod(Object(Laravel\\Lumen\\Application), Array, Object(Closure))
#9 C:\\xampp\\htdocs\\sicofi_api\\vendor\\illuminate\\container\\Container.php(653): Illuminate\\Container\\BoundMethod::call(Object(Laravel\\Lumen\\Application), Array, Array, NULL)
#10 C:\\xampp\\htdocs\\sicofi_api\\vendor\\laravel\\lumen-framework\\src\\Concerns\\RoutesRequests.php(389): Illuminate\\Container\\Container->call(Array, Array)
#11 C:\\xampp\\htdocs\\sicofi_api\\vendor\\laravel\\lumen-framework\\src\\Concerns\\RoutesRequests.php(355): Laravel\\Lumen\\Application->callControllerCallable(Array, Array)
#12 C:\\xampp\\htdocs\\sicofi_api\\vendor\\laravel\\lumen-framework\\src\\Concerns\\RoutesRequests.php(329): Laravel\\Lumen\\Application->callLumenController(Object(App\\Http\\Controllers\\ProjectsController), 'simple_list', Array)
#13 C:\\xampp\\htdocs\\sicofi_api\\vendor\\laravel\\lumen-framework\\src\\Concerns\\RoutesRequests.php(282): Laravel\\Lumen\\Application->callControllerAction(Array)
#14 C:\\xampp\\htdocs\\sicofi_api\\vendor\\laravel\\lumen-framework\\src\\Concerns\\RoutesRequests.php(267): Laravel\\Lumen\\Application->callActionOnArrayBasedRoute(Array)
#15 C:\\xampp\\htdocs\\sicofi_api\\vendor\\laravel\\lumen-framework\\src\\Concerns\\RoutesRequests.php(169): Laravel\\Lumen\\Application->handleFoundRoute(Array)
#16 C:\\xampp\\htdocs\\sicofi_api\\vendor\\laravel\\lumen-framework\\src\\Routing\\Pipeline.php(48): Laravel\\Lumen\\Application->Laravel\\Lumen\\Concerns\\{closure}(Object(Laravel\\Lumen\\Http\\Request))
#17 C:\\xampp\\htdocs\\sicofi_api\\app\\Http\\Middleware\\CorsMiddleware.php(28): Laravel\\Lumen\\Routing\\Pipeline->Laravel\\Lumen\\Routing\\{closure}(Object(Laravel\\Lumen\\Http\\Request))
#18 C:\\xampp\\htdocs\\sicofi_api\\vendor\\illuminate\\pipeline\\Pipeline.php(167): App\\Http\\Middleware\\CorsMiddleware->handle(Object(Laravel\\Lumen\\Http\\Request), Object(Closure))
#19 C:\\xampp\\htdocs\\sicofi_api\\vendor\\laravel\\lumen-framework\\src\\Routing\\Pipeline.php(30): Illuminate\\Pipeline\\Pipeline->Illuminate\\Pipeline\\{closure}(Object(Laravel\\Lumen\\Http\\Request))
#20 C:\\xampp\\htdocs\\sicofi_api\\vendor\\illuminate\\pipeline\\Pipeline.php(103): Laravel\\Lumen\\Routing\\Pipeline->Laravel\\Lumen\\Routing\\{closure}(Object(Laravel\\Lumen\\Http\\Request))
#21 C:\\xampp\\htdocs\\sicofi_api\\vendor\\laravel\\lumen-framework\\src\\Concerns\\RoutesRequests.php(426): Illuminate\\Pipeline\\Pipeline->then(Object(Closure))
#22 C:\\xampp\\htdocs\\sicofi_api\\vendor\\laravel\\lumen-framework\\src\\Concerns\\RoutesRequests.php(175): Laravel\\Lumen\\Application->sendThroughPipeline(Array, Object(Closure))
#23 C:\\xampp\\htdocs\\sicofi_api\\vendor\\laravel\\lumen-framework\\src\\Concerns\\RoutesRequests.php(112): Laravel\\Lumen\\Application->dispatch(NULL)
#24 C:\\xampp\\htdocs\\sicofi_api\\public\\index.php(28): Laravel\\Lumen\\Application->run()
#25 {main}

[previous exception] [object] (PDOException(code: 1045): SQLSTATE[HY000] [1045] Access denied for user 'forge'@'localhost' (using password: NO) at C:\\xampp\\htdocs\\sicofi_api\\vendor\\illuminate\\database\\Connectors\\Connector.php:70)
[stacktrace]
#0 C:\\xampp\\htdocs\\sicofi_api\\vendor\\illuminate\\database\\Connectors\\Connector.php(70): PDO->__construct('mysql:host=127....', 'forge', '', Array)
#1 C:\\xampp\\htdocs\\sicofi_api\\vendor\\illuminate\\database\\Connectors\\Connector.php(46): Illuminate\\Database\\Connectors\\Connector->createPdoConnection('mysql:host=127....', 'forge', '', Array)
#2 C:\\xampp\\htdocs\\sicofi_api\\vendor\\illuminate\\database\\Connectors\\MySqlConnector.php(24): Illuminate\\Database\\Connectors\\Connector->createConnection('mysql:host=127....', Array, Array)
#3 C:\\xampp\\htdocs\\sicofi_api\\vendor\\illuminate\\database\\Connectors\\ConnectionFactory.php(184): Illuminate\\Database\\Connectors\\MySqlConnector->connect(Array)
#4 [internal function]: Illuminate\\Database\\Connectors\\ConnectionFactory->Illuminate\\Database\\Connectors\\{closure}()
#5 C:\\xampp\\htdocs\\sicofi_api\\vendor\\illuminate\\database\\Connection.php(1021): call_user_func(Object(Closure))
#6 C:\\xampp\\htdocs\\sicofi_api\\vendor\\illuminate\\database\\Connection.php(1057): Illuminate\\Database\\Connection->getPdo()
#7 C:\\xampp\\htdocs\\sicofi_api\\vendor\\illuminate\\database\\Connection.php(433): Illuminate\\Database\\Connection->getReadPdo()
#8 C:\\xampp\\htdocs\\sicofi_api\\vendor\\illuminate\\database\\Connection.php(359): Illuminate\\Database\\Connection->getPdoForSelect(true)
#9 C:\\xampp\\htdocs\\sicofi_api\\vendor\\illuminate\\database\\Connection.php(696): Illuminate\\Database\\Connection->Illuminate\\Database\\{closure}('SELECT projectN...', Array)
#10 C:\\xampp\\htdocs\\sicofi_api\\vendor\\illuminate\\database\\Connection.php(663): Illuminate\\Database\\Connection->runQueryCallback('SELECT projectN...', Array, Object(Closure))
#11 C:\\xampp\\htdocs\\sicofi_api\\vendor\\illuminate\\database\\Connection.php(367): Illuminate\\Database\\Connection->run('SELECT projectN...', Array, Object(Closure))
#12 C:\\xampp\\htdocs\\sicofi_api\\vendor\\illuminate\\database\\DatabaseManager.php(388): Illuminate\\Database\\Connection->select('SELECT projectN...')
#13 C:\\xampp\\htdocs\\sicofi_api\\vendor\\illuminate\\support\\Facades\\Facade.php(261): Illuminate\\Database\\DatabaseManager->__call('select', Array)
#14 C:\\xampp\\htdocs\\sicofi_api\\app\\Http\\Controllers\\ProjectsController.php(24): Illuminate\\Support\\Facades\\Facade::__callStatic('select', Array)
#15 C:\\xampp\\htdocs\\sicofi_api\\vendor\\illuminate\\container\\BoundMethod.php(36): App\\Http\\Controllers\\ProjectsController->simple_list(Object(Laravel\\Lumen\\Http\\Request))
#16 C:\\xampp\\htdocs\\sicofi_api\\vendor\\illuminate\\container\\Util.php(40): Illuminate\\Container\\BoundMethod::Illuminate\\Container\\{closure}()
#17 C:\\xampp\\htdocs\\sicofi_api\\vendor\\illuminate\\container\\BoundMethod.php(93): Illuminate\\Container\\Util::unwrapIfClosure(Object(Closure))
#18 C:\\xampp\\htdocs\\sicofi_api\\vendor\\illuminate\\container\\BoundMethod.php(37): Illuminate\\Container\\BoundMethod::callBoundMethod(Object(Laravel\\Lumen\\Application), Array, Object(Closure))
#19 C:\\xampp\\htdocs\\sicofi_api\\vendor\\illuminate\\container\\Container.php(653): Illuminate\\Container\\BoundMethod::call(Object(Laravel\\Lumen\\Application), Array, Array, NULL)
#20 C:\\xampp\\htdocs\\sicofi_api\\vendor\\laravel\\lumen-framework\\src\\Concerns\\RoutesRequests.php(389): Illuminate\\Container\\Container->call(Array, Array)
#21 C:\\xampp\\htdocs\\sicofi_api\\vendor\\laravel\\lumen-framework\\src\\Concerns\\RoutesRequests.php(355): Laravel\\Lumen\\Application->callControllerCallable(Array, Array)
#22 C:\\xampp\\htdocs\\sicofi_api\\vendor\\laravel\\lumen-framework\\src\\Concerns\\RoutesRequests.php(329): Laravel\\Lumen\\Application->callLumenController(Object(App\\Http\\Controllers\\ProjectsController), 'simple_list', Array)
#23 C:\\xampp\\htdocs\\sicofi_api\\vendor\\laravel\\lumen-framework\\src\\Concerns\\RoutesRequests.php(282): Laravel\\Lumen\\Application->callControllerAction(Array)
#24 C:\\xampp\\htdocs\\sicofi_api\\vendor\\laravel\\lumen-framework\\src\\Concerns\\RoutesRequests.php(267): Laravel\\Lumen\\Application->callActionOnArrayBasedRoute(Array)
#25 C:\\xampp\\htdocs\\sicofi_api\\vendor\\laravel\\lumen-framework\\src\\Concerns\\RoutesRequests.php(169): Laravel\\Lumen\\Application->handleFoundRoute(Array)
#26 C:\\xampp\\htdocs\\sicofi_api\\vendor\\laravel\\lumen-framework\\src\\Routing\\Pipeline.php(48): Laravel\\Lumen\\Application->Laravel\\Lumen\\Concerns\\{closure}(Object(Laravel\\Lumen\\Http\\Request))
#27 C:\\xampp\\htdocs\\sicofi_api\\app\\Http\\Middleware\\CorsMiddleware.php(28): Laravel\\Lumen\\Routing\\Pipeline->Laravel\\Lumen\\Routing\\{closure}(Object(Laravel\\Lumen\\Http\\Request))
#28 C:\\xampp\\htdocs\\sicofi_api\\vendor\\illuminate\\pipeline\\Pipeline.php(167): App\\Http\\Middleware\\CorsMiddleware->handle(Object(Laravel\\Lumen\\Http\\Request), Object(Closure))
#29 C:\\xampp\\htdocs\\sicofi_api\\vendor\\laravel\\lumen-framework\\src\\Routing\\Pipeline.php(30): Illuminate\\Pipeline\\Pipeline->Illuminate\\Pipeline\\{closure}(Object(Laravel\\Lumen\\Http\\Request))
#30 C:\\xampp\\htdocs\\sicofi_api\\vendor\\illuminate\\pipeline\\Pipeline.php(103): Laravel\\Lumen\\Routing\\Pipeline->Laravel\\Lumen\\Routing\\{closure}(Object(Laravel\\Lumen\\Http\\Request))
#31 C:\\xampp\\htdocs\\sicofi_api\\vendor\\laravel\\lumen-framework\\src\\Concerns\\RoutesRequests.php(426): Illuminate\\Pipeline\\Pipeline->then(Object(Closure))
#32 C:\\xampp\\htdocs\\sicofi_api\\vendor\\laravel\\lumen-framework\\src\\Concerns\\RoutesRequests.php(175): Laravel\\Lumen\\Application->sendThroughPipeline(Array, Object(Closure))
#33 C:\\xampp\\htdocs\\sicofi_api\\vendor\\laravel\\lumen-framework\\src\\Concerns\\RoutesRequests.php(112): Laravel\\Lumen\\Application->dispatch(NULL)
#34 C:\\xampp\\htdocs\\sicofi_api\\public\\index.php(28): Laravel\\Lumen\\Application->run()
#35 {main}
"} 
[2022-02-14 17:05:43] production.ERROR: SQLSTATE[HY000] [1045] Access denied for user 'forge'@'localhost' (using password: NO) (SQL: SELECT projectNumber, projectName FROM projects WHERE year = 2022 AND active = 1 ORDER BY projectNumber ) {"exception":"[object] (Illuminate\\Database\\QueryException(code: 1045): SQLSTATE[HY000] [1045] Access denied for user 'forge'@'localhost' (using password: NO) (SQL: SELECT projectNumber, projectName FROM projects WHERE year = 2022 AND active = 1 ORDER BY projectNumber ) at C:\\xampp\\htdocs\\sicofi_api\\vendor\\illuminate\\database\\Connection.php:703)
[stacktrace]
#0 C:\\xampp\\htdocs\\sicofi_api\\vendor\\illuminate\\database\\Connection.php(663): Illuminate\\Database\\Connection->runQueryCallback('SELECT projectN...', Array, Object(Closure))
#1 C:\\xampp\\htdocs\\sicofi_api\\vendor\\illuminate\\database\\Connection.php(367): Illuminate\\Database\\Connection->run('SELECT projectN...', Array, Object(Closure))
#2 C:\\xampp\\htdocs\\sicofi_api\\vendor\\illuminate\\database\\DatabaseManager.php(388): Illuminate\\Database\\Connection->select('SELECT projectN...')
#3 C:\\xampp\\htdocs\\sicofi_api\\vendor\\illuminate\\support\\Facades\\Facade.php(261): Illuminate\\Database\\DatabaseManager->__call('select', Array)
#4 C:\\xampp\\htdocs\\sicofi_api\\app\\Http\\Controllers\\ProjectsController.php(24): Illuminate\\Support\\Facades\\Facade::__callStatic('select', Array)
#5 C:\\xampp\\htdocs\\sicofi_api\\vendor\\illuminate\\container\\BoundMethod.php(36): App\\Http\\Controllers\\ProjectsController->simple_list(Object(Laravel\\Lumen\\Http\\Request))
#6 C:\\xampp\\htdocs\\sicofi_api\\vendor\\illuminate\\container\\Util.php(40): Illuminate\\Container\\BoundMethod::Illuminate\\Container\\{closure}()
#7 C:\\xampp\\htdocs\\sicofi_api\\vendor\\illuminate\\container\\BoundMethod.php(93): Illuminate\\Container\\Util::unwrapIfClosure(Object(Closure))
#8 C:\\xampp\\htdocs\\sicofi_api\\vendor\\illuminate\\container\\BoundMethod.php(37): Illuminate\\Container\\BoundMethod::callBoundMethod(Object(Laravel\\Lumen\\Application), Array, Object(Closure))
#9 C:\\xampp\\htdocs\\sicofi_api\\vendor\\illuminate\\container\\Container.php(653): Illuminate\\Container\\BoundMethod::call(Object(Laravel\\Lumen\\Application), Array, Array, NULL)
#10 C:\\xampp\\htdocs\\sicofi_api\\vendor\\laravel\\lumen-framework\\src\\Concerns\\RoutesRequests.php(389): Illuminate\\Container\\Container->call(Array, Array)
#11 C:\\xampp\\htdocs\\sicofi_api\\vendor\\laravel\\lumen-framework\\src\\Concerns\\RoutesRequests.php(355): Laravel\\Lumen\\Application->callControllerCallable(Array, Array)
#12 C:\\xampp\\htdocs\\sicofi_api\\vendor\\laravel\\lumen-framework\\src\\Concerns\\RoutesRequests.php(329): Laravel\\Lumen\\Application->callLumenController(Object(App\\Http\\Controllers\\ProjectsController), 'simple_list', Array)
#13 C:\\xampp\\htdocs\\sicofi_api\\vendor\\laravel\\lumen-framework\\src\\Concerns\\RoutesRequests.php(282): Laravel\\Lumen\\Application->callControllerAction(Array)
#14 C:\\xampp\\htdocs\\sicofi_api\\vendor\\laravel\\lumen-framework\\src\\Concerns\\RoutesRequests.php(267): Laravel\\Lumen\\Application->callActionOnArrayBasedRoute(Array)
#15 C:\\xampp\\htdocs\\sicofi_api\\vendor\\laravel\\lumen-framework\\src\\Concerns\\RoutesRequests.php(169): Laravel\\Lumen\\Application->handleFoundRoute(Array)
#16 C:\\xampp\\htdocs\\sicofi_api\\vendor\\laravel\\lumen-framework\\src\\Routing\\Pipeline.php(48): Laravel\\Lumen\\Application->Laravel\\Lumen\\Concerns\\{closure}(Object(Laravel\\Lumen\\Http\\Request))
#17 C:\\xampp\\htdocs\\sicofi_api\\app\\Http\\Middleware\\CorsMiddleware.php(28): Laravel\\Lumen\\Routing\\Pipeline->Laravel\\Lumen\\Routing\\{closure}(Object(Laravel\\Lumen\\Http\\Request))
#18 C:\\xampp\\htdocs\\sicofi_api\\vendor\\illuminate\\pipeline\\Pipeline.php(167): App\\Http\\Middleware\\CorsMiddleware->handle(Object(Laravel\\Lumen\\Http\\Request), Object(Closure))
#19 C:\\xampp\\htdocs\\sicofi_api\\vendor\\laravel\\lumen-framework\\src\\Routing\\Pipeline.php(30): Illuminate\\Pipeline\\Pipeline->Illuminate\\Pipeline\\{closure}(Object(Laravel\\Lumen\\Http\\Request))
#20 C:\\xampp\\htdocs\\sicofi_api\\vendor\\illuminate\\pipeline\\Pipeline.php(103): Laravel\\Lumen\\Routing\\Pipeline->Laravel\\Lumen\\Routing\\{closure}(Object(Laravel\\Lumen\\Http\\Request))
#21 C:\\xampp\\htdocs\\sicofi_api\\vendor\\laravel\\lumen-framework\\src\\Concerns\\RoutesRequests.php(426): Illuminate\\Pipeline\\Pipeline->then(Object(Closure))
#22 C:\\xampp\\htdocs\\sicofi_api\\vendor\\laravel\\lumen-framework\\src\\Concerns\\RoutesRequests.php(175): Laravel\\Lumen\\Application->sendThroughPipeline(Array, Object(Closure))
#23 C:\\xampp\\htdocs\\sicofi_api\\vendor\\laravel\\lumen-framework\\src\\Concerns\\RoutesRequests.php(112): Laravel\\Lumen\\Application->dispatch(NULL)
#24 C:\\xampp\\htdocs\\sicofi_api\\public\\index.php(28): Laravel\\Lumen\\Application->run()
#25 {main}

[previous exception] [object] (PDOException(code: 1045): SQLSTATE[HY000] [1045] Access denied for user 'forge'@'localhost' (using password: NO) at C:\\xampp\\htdocs\\sicofi_api\\vendor\\illuminate\\database\\Connectors\\Connector.php:70)
[stacktrace]
#0 C:\\xampp\\htdocs\\sicofi_api\\vendor\\illuminate\\database\\Connectors\\Connector.php(70): PDO->__construct('mysql:host=127....', 'forge', '', Array)
#1 C:\\xampp\\htdocs\\sicofi_api\\vendor\\illuminate\\database\\Connectors\\Connector.php(46): Illuminate\\Database\\Connectors\\Connector->createPdoConnection('mysql:host=127....', 'forge', '', Array)
#2 C:\\xampp\\htdocs\\sicofi_api\\vendor\\illuminate\\database\\Connectors\\MySqlConnector.php(24): Illuminate\\Database\\Connectors\\Connector->createConnection('mysql:host=127....', Array, Array)
#3 C:\\xampp\\htdocs\\sicofi_api\\vendor\\illuminate\\database\\Connectors\\ConnectionFactory.php(184): Illuminate\\Database\\Connectors\\MySqlConnector->connect(Array)
#4 [internal function]: Illuminate\\Database\\Connectors\\ConnectionFactory->Illuminate\\Database\\Connectors\\{closure}()
#5 C:\\xampp\\htdocs\\sicofi_api\\vendor\\illuminate\\database\\Connection.php(1021): call_user_func(Object(Closure))
#6 C:\\xampp\\htdocs\\sicofi_api\\vendor\\illuminate\\database\\Connection.php(1057): Illuminate\\Database\\Connection->getPdo()
#7 C:\\xampp\\htdocs\\sicofi_api\\vendor\\illuminate\\database\\Connection.php(433): Illuminate\\Database\\Connection->getReadPdo()
#8 C:\\xampp\\htdocs\\sicofi_api\\vendor\\illuminate\\database\\Connection.php(359): Illuminate\\Database\\Connection->getPdoForSelect(true)
#9 C:\\xampp\\htdocs\\sicofi_api\\vendor\\illuminate\\database\\Connection.php(696): Illuminate\\Database\\Connection->Illuminate\\Database\\{closure}('SELECT projectN...', Array)
#10 C:\\xampp\\htdocs\\sicofi_api\\vendor\\illuminate\\database\\Connection.php(663): Illuminate\\Database\\Connection->runQueryCallback('SELECT projectN...', Array, Object(Closure))
#11 C:\\xampp\\htdocs\\sicofi_api\\vendor\\illuminate\\database\\Connection.php(367): Illuminate\\Database\\Connection->run('SELECT projectN...', Array, Object(Closure))
#12 C:\\xampp\\htdocs\\sicofi_api\\vendor\\illuminate\\database\\DatabaseManager.php(388): Illuminate\\Database\\Connection->select('SELECT projectN...')
#13 C:\\xampp\\htdocs\\sicofi_api\\vendor\\illuminate\\support\\Facades\\Facade.php(261): Illuminate\\Database\\DatabaseManager->__call('select', Array)
#14 C:\\xampp\\htdocs\\sicofi_api\\app\\Http\\Controllers\\ProjectsController.php(24): Illuminate\\Support\\Facades\\Facade::__callStatic('select', Array)
#15 C:\\xampp\\htdocs\\sicofi_api\\vendor\\illuminate\\container\\BoundMethod.php(36): App\\Http\\Controllers\\ProjectsController->simple_list(Object(Laravel\\Lumen\\Http\\Request))
#16 C:\\xampp\\htdocs\\sicofi_api\\vendor\\illuminate\\container\\Util.php(40): Illuminate\\Container\\BoundMethod::Illuminate\\Container\\{closure}()
#17 C:\\xampp\\htdocs\\sicofi_api\\vendor\\illuminate\\container\\BoundMethod.php(93): Illuminate\\Container\\Util::unwrapIfClosure(Object(Closure))
#18 C:\\xampp\\htdocs\\sicofi_api\\vendor\\illuminate\\container\\BoundMethod.php(37): Illuminate\\Container\\BoundMethod::callBoundMethod(Object(Laravel\\Lumen\\Application), Array, Object(Closure))
#19 C:\\xampp\\htdocs\\sicofi_api\\vendor\\illuminate\\container\\Container.php(653): Illuminate\\Container\\BoundMethod::call(Object(Laravel\\Lumen\\Application), Array, Array, NULL)
#20 C:\\xampp\\htdocs\\sicofi_api\\vendor\\laravel\\lumen-framework\\src\\Concerns\\RoutesRequests.php(389): Illuminate\\Container\\Container->call(Array, Array)
#21 C:\\xampp\\htdocs\\sicofi_api\\vendor\\laravel\\lumen-framework\\src\\Concerns\\RoutesRequests.php(355): Laravel\\Lumen\\Application->callControllerCallable(Array, Array)
#22 C:\\xampp\\htdocs\\sicofi_api\\vendor\\laravel\\lumen-framework\\src\\Concerns\\RoutesRequests.php(329): Laravel\\Lumen\\Application->callLumenController(Object(App\\Http\\Controllers\\ProjectsController), 'simple_list', Array)
#23 C:\\xampp\\htdocs\\sicofi_api\\vendor\\laravel\\lumen-framework\\src\\Concerns\\RoutesRequests.php(282): Laravel\\Lumen\\Application->callControllerAction(Array)
#24 C:\\xampp\\htdocs\\sicofi_api\\vendor\\laravel\\lumen-framework\\src\\Concerns\\RoutesRequests.php(267): Laravel\\Lumen\\Application->callActionOnArrayBasedRoute(Array)
#25 C:\\xampp\\htdocs\\sicofi_api\\vendor\\laravel\\lumen-framework\\src\\Concerns\\RoutesRequests.php(169): Laravel\\Lumen\\Application->handleFoundRoute(Array)
#26 C:\\xampp\\htdocs\\sicofi_api\\vendor\\laravel\\lumen-framework\\src\\Routing\\Pipeline.php(48): Laravel\\Lumen\\Application->Laravel\\Lumen\\Concerns\\{closure}(Object(Laravel\\Lumen\\Http\\Request))
#27 C:\\xampp\\htdocs\\sicofi_api\\app\\Http\\Middleware\\CorsMiddleware.php(28): Laravel\\Lumen\\Routing\\Pipeline->Laravel\\Lumen\\Routing\\{closure}(Object(Laravel\\Lumen\\Http\\Request))
#28 C:\\xampp\\htdocs\\sicofi_api\\vendor\\illuminate\\pipeline\\Pipeline.php(167): App\\Http\\Middleware\\CorsMiddleware->handle(Object(Laravel\\Lumen\\Http\\Request), Object(Closure))
#29 C:\\xampp\\htdocs\\sicofi_api\\vendor\\laravel\\lumen-framework\\src\\Routing\\Pipeline.php(30): Illuminate\\Pipeline\\Pipeline->Illuminate\\Pipeline\\{closure}(Object(Laravel\\Lumen\\Http\\Request))
#30 C:\\xampp\\htdocs\\sicofi_api\\vendor\\illuminate\\pipeline\\Pipeline.php(103): Laravel\\Lumen\\Routing\\Pipeline->Laravel\\Lumen\\Routing\\{closure}(Object(Laravel\\Lumen\\Http\\Request))
#31 C:\\xampp\\htdocs\\sicofi_api\\vendor\\laravel\\lumen-framework\\src\\Concerns\\RoutesRequests.php(426): Illuminate\\Pipeline\\Pipeline->then(Object(Closure))
#32 C:\\xampp\\htdocs\\sicofi_api\\vendor\\laravel\\lumen-framework\\src\\Concerns\\RoutesRequests.php(175): Laravel\\Lumen\\Application->sendThroughPipeline(Array, Object(Closure))
#33 C:\\xampp\\htdocs\\sicofi_api\\vendor\\laravel\\lumen-framework\\src\\Concerns\\RoutesRequests.php(112): Laravel\\Lumen\\Application->dispatch(NULL)
#34 C:\\xampp\\htdocs\\sicofi_api\\public\\index.php(28): Laravel\\Lumen\\Application->run()
#35 {main}
"} 
[2022-02-14 17:42:36] local.ERROR: Undefined array key "projectList" {"exception":"[object] (ErrorException(code: 0): Undefined array key \"projectList\" at C:\\xampp\\htdocs\\sicofi_api\\app\\Http\\Controllers\\UsersController.php:157)
[stacktrace]
#0 C:\\xampp\\htdocs\\sicofi_api\\app\\Http\\Controllers\\UsersController.php(157): Laravel\\Lumen\\Application->Laravel\\Lumen\\Concerns\\{closure}(2, 'Undefined array...', 'C:\\\\xampp\\\\htdocs...', 157)
#1 C:\\xampp\\htdocs\\sicofi_api\\vendor\\illuminate\\container\\BoundMethod.php(36): App\\Http\\Controllers\\UsersController->update(Object(Laravel\\Lumen\\Http\\Request))
#2 C:\\xampp\\htdocs\\sicofi_api\\vendor\\illuminate\\container\\Util.php(40): Illuminate\\Container\\BoundMethod::Illuminate\\Container\\{closure}()
#3 C:\\xampp\\htdocs\\sicofi_api\\vendor\\illuminate\\container\\BoundMethod.php(93): Illuminate\\Container\\Util::unwrapIfClosure(Object(Closure))
#4 C:\\xampp\\htdocs\\sicofi_api\\vendor\\illuminate\\container\\BoundMethod.php(37): Illuminate\\Container\\BoundMethod::callBoundMethod(Object(Laravel\\Lumen\\Application), Array, Object(Closure))
#5 C:\\xampp\\htdocs\\sicofi_api\\vendor\\illuminate\\container\\Container.php(653): Illuminate\\Container\\BoundMethod::call(Object(Laravel\\Lumen\\Application), Array, Array, NULL)
#6 C:\\xampp\\htdocs\\sicofi_api\\vendor\\laravel\\lumen-framework\\src\\Concerns\\RoutesRequests.php(389): Illuminate\\Container\\Container->call(Array, Array)
#7 C:\\xampp\\htdocs\\sicofi_api\\vendor\\laravel\\lumen-framework\\src\\Concerns\\RoutesRequests.php(355): Laravel\\Lumen\\Application->callControllerCallable(Array, Array)
#8 C:\\xampp\\htdocs\\sicofi_api\\vendor\\laravel\\lumen-framework\\src\\Concerns\\RoutesRequests.php(329): Laravel\\Lumen\\Application->callLumenController(Object(App\\Http\\Controllers\\UsersController), 'update', Array)
#9 C:\\xampp\\htdocs\\sicofi_api\\vendor\\laravel\\lumen-framework\\src\\Concerns\\RoutesRequests.php(282): Laravel\\Lumen\\Application->callControllerAction(Array)
#10 C:\\xampp\\htdocs\\sicofi_api\\vendor\\laravel\\lumen-framework\\src\\Concerns\\RoutesRequests.php(267): Laravel\\Lumen\\Application->callActionOnArrayBasedRoute(Array)
#11 C:\\xampp\\htdocs\\sicofi_api\\vendor\\laravel\\lumen-framework\\src\\Concerns\\RoutesRequests.php(169): Laravel\\Lumen\\Application->handleFoundRoute(Array)
#12 C:\\xampp\\htdocs\\sicofi_api\\vendor\\laravel\\lumen-framework\\src\\Routing\\Pipeline.php(48): Laravel\\Lumen\\Application->Laravel\\Lumen\\Concerns\\{closure}(Object(Laravel\\Lumen\\Http\\Request))
#13 C:\\xampp\\htdocs\\sicofi_api\\app\\Http\\Middleware\\CorsMiddleware.php(28): Laravel\\Lumen\\Routing\\Pipeline->Laravel\\Lumen\\Routing\\{closure}(Object(Laravel\\Lumen\\Http\\Request))
#14 C:\\xampp\\htdocs\\sicofi_api\\vendor\\illuminate\\pipeline\\Pipeline.php(167): App\\Http\\Middleware\\CorsMiddleware->handle(Object(Laravel\\Lumen\\Http\\Request), Object(Closure))
#15 C:\\xampp\\htdocs\\sicofi_api\\vendor\\laravel\\lumen-framework\\src\\Routing\\Pipeline.php(30): Illuminate\\Pipeline\\Pipeline->Illuminate\\Pipeline\\{closure}(Object(Laravel\\Lumen\\Http\\Request))
#16 C:\\xampp\\htdocs\\sicofi_api\\vendor\\illuminate\\pipeline\\Pipeline.php(103): Laravel\\Lumen\\Routing\\Pipeline->Laravel\\Lumen\\Routing\\{closure}(Object(Laravel\\Lumen\\Http\\Request))
#17 C:\\xampp\\htdocs\\sicofi_api\\vendor\\laravel\\lumen-framework\\src\\Concerns\\RoutesRequests.php(426): Illuminate\\Pipeline\\Pipeline->then(Object(Closure))
#18 C:\\xampp\\htdocs\\sicofi_api\\vendor\\laravel\\lumen-framework\\src\\Concerns\\RoutesRequests.php(175): Laravel\\Lumen\\Application->sendThroughPipeline(Array, Object(Closure))
#19 C:\\xampp\\htdocs\\sicofi_api\\vendor\\laravel\\lumen-framework\\src\\Concerns\\RoutesRequests.php(112): Laravel\\Lumen\\Application->dispatch(NULL)
#20 C:\\xampp\\htdocs\\sicofi_api\\public\\index.php(28): Laravel\\Lumen\\Application->run()
#21 {main}
"} 
[2022-02-14 18:05:53] local.ERROR: SQLSTATE[42000]: Syntax error or access violation: 1064 You have an error in your SQL syntax; check the manual that corresponds to your MariaDB server version for the right syntax to use near '' at line 1 (SQL: INSERT INTO userAccess (userId, projectNumber) VALUES ;) {"exception":"[object] (Illuminate\\Database\\QueryException(code: 42000): SQLSTATE[42000]: Syntax error or access violation: 1064 You have an error in your SQL syntax; check the manual that corresponds to your MariaDB server version for the right syntax to use near '' at line 1 (SQL: INSERT INTO userAccess (userId, projectNumber) VALUES ;) at C:\\xampp\\htdocs\\sicofi_api\\vendor\\illuminate\\database\\Connection.php:703)
[stacktrace]
#0 C:\\xampp\\htdocs\\sicofi_api\\vendor\\illuminate\\database\\Connection.php(663): Illuminate\\Database\\Connection->runQueryCallback('INSERT INTO use...', Array, Object(Closure))
#1 C:\\xampp\\htdocs\\sicofi_api\\vendor\\illuminate\\database\\Connection.php(493): Illuminate\\Database\\Connection->run('INSERT INTO use...', Array, Object(Closure))
#2 C:\\xampp\\htdocs\\sicofi_api\\vendor\\illuminate\\database\\Connection.php(445): Illuminate\\Database\\Connection->statement('INSERT INTO use...', Array)
#3 C:\\xampp\\htdocs\\sicofi_api\\vendor\\illuminate\\database\\DatabaseManager.php(388): Illuminate\\Database\\Connection->insert('INSERT INTO use...')
#4 C:\\xampp\\htdocs\\sicofi_api\\vendor\\illuminate\\support\\Facades\\Facade.php(261): Illuminate\\Database\\DatabaseManager->__call('insert', Array)
#5 C:\\xampp\\htdocs\\sicofi_api\\app\\Http\\Controllers\\UsersController.php(167): Illuminate\\Support\\Facades\\Facade::__callStatic('insert', Array)
#6 C:\\xampp\\htdocs\\sicofi_api\\vendor\\illuminate\\container\\BoundMethod.php(36): App\\Http\\Controllers\\UsersController->update(Object(Laravel\\Lumen\\Http\\Request))
#7 C:\\xampp\\htdocs\\sicofi_api\\vendor\\illuminate\\container\\Util.php(40): Illuminate\\Container\\BoundMethod::Illuminate\\Container\\{closure}()
#8 C:\\xampp\\htdocs\\sicofi_api\\vendor\\illuminate\\container\\BoundMethod.php(93): Illuminate\\Container\\Util::unwrapIfClosure(Object(Closure))
#9 C:\\xampp\\htdocs\\sicofi_api\\vendor\\illuminate\\container\\BoundMethod.php(37): Illuminate\\Container\\BoundMethod::callBoundMethod(Object(Laravel\\Lumen\\Application), Array, Object(Closure))
#10 C:\\xampp\\htdocs\\sicofi_api\\vendor\\illuminate\\container\\Container.php(653): Illuminate\\Container\\BoundMethod::call(Object(Laravel\\Lumen\\Application), Array, Array, NULL)
#11 C:\\xampp\\htdocs\\sicofi_api\\vendor\\laravel\\lumen-framework\\src\\Concerns\\RoutesRequests.php(389): Illuminate\\Container\\Container->call(Array, Array)
#12 C:\\xampp\\htdocs\\sicofi_api\\vendor\\laravel\\lumen-framework\\src\\Concerns\\RoutesRequests.php(355): Laravel\\Lumen\\Application->callControllerCallable(Array, Array)
#13 C:\\xampp\\htdocs\\sicofi_api\\vendor\\laravel\\lumen-framework\\src\\Concerns\\RoutesRequests.php(329): Laravel\\Lumen\\Application->callLumenController(Object(App\\Http\\Controllers\\UsersController), 'update', Array)
#14 C:\\xampp\\htdocs\\sicofi_api\\vendor\\laravel\\lumen-framework\\src\\Concerns\\RoutesRequests.php(282): Laravel\\Lumen\\Application->callControllerAction(Array)
#15 C:\\xampp\\htdocs\\sicofi_api\\vendor\\laravel\\lumen-framework\\src\\Concerns\\RoutesRequests.php(267): Laravel\\Lumen\\Application->callActionOnArrayBasedRoute(Array)
#16 C:\\xampp\\htdocs\\sicofi_api\\vendor\\laravel\\lumen-framework\\src\\Concerns\\RoutesRequests.php(169): Laravel\\Lumen\\Application->handleFoundRoute(Array)
#17 C:\\xampp\\htdocs\\sicofi_api\\vendor\\laravel\\lumen-framework\\src\\Routing\\Pipeline.php(48): Laravel\\Lumen\\Application->Laravel\\Lumen\\Concerns\\{closure}(Object(Laravel\\Lumen\\Http\\Request))
#18 C:\\xampp\\htdocs\\sicofi_api\\app\\Http\\Middleware\\CorsMiddleware.php(28): Laravel\\Lumen\\Routing\\Pipeline->Laravel\\Lumen\\Routing\\{closure}(Object(Laravel\\Lumen\\Http\\Request))
#19 C:\\xampp\\htdocs\\sicofi_api\\vendor\\illuminate\\pipeline\\Pipeline.php(167): App\\Http\\Middleware\\CorsMiddleware->handle(Object(Laravel\\Lumen\\Http\\Request), Object(Closure))
#20 C:\\xampp\\htdocs\\sicofi_api\\vendor\\laravel\\lumen-framework\\src\\Routing\\Pipeline.php(30): Illuminate\\Pipeline\\Pipeline->Illuminate\\Pipeline\\{closure}(Object(Laravel\\Lumen\\Http\\Request))
#21 C:\\xampp\\htdocs\\sicofi_api\\vendor\\illuminate\\pipeline\\Pipeline.php(103): Laravel\\Lumen\\Routing\\Pipeline->Laravel\\Lumen\\Routing\\{closure}(Object(Laravel\\Lumen\\Http\\Request))
#22 C:\\xampp\\htdocs\\sicofi_api\\vendor\\laravel\\lumen-framework\\src\\Concerns\\RoutesRequests.php(426): Illuminate\\Pipeline\\Pipeline->then(Object(Closure))
#23 C:\\xampp\\htdocs\\sicofi_api\\vendor\\laravel\\lumen-framework\\src\\Concerns\\RoutesRequests.php(175): Laravel\\Lumen\\Application->sendThroughPipeline(Array, Object(Closure))
#24 C:\\xampp\\htdocs\\sicofi_api\\vendor\\laravel\\lumen-framework\\src\\Concerns\\RoutesRequests.php(112): Laravel\\Lumen\\Application->dispatch(NULL)
#25 C:\\xampp\\htdocs\\sicofi_api\\public\\index.php(28): Laravel\\Lumen\\Application->run()
#26 {main}

[previous exception] [object] (PDOException(code: 42000): SQLSTATE[42000]: Syntax error or access violation: 1064 You have an error in your SQL syntax; check the manual that corresponds to your MariaDB server version for the right syntax to use near '' at line 1 at C:\\xampp\\htdocs\\sicofi_api\\vendor\\illuminate\\database\\Connection.php:486)
[stacktrace]
#0 C:\\xampp\\htdocs\\sicofi_api\\vendor\\illuminate\\database\\Connection.php(486): PDO->prepare('INSERT INTO use...')
#1 C:\\xampp\\htdocs\\sicofi_api\\vendor\\illuminate\\database\\Connection.php(696): Illuminate\\Database\\Connection->Illuminate\\Database\\{closure}('INSERT INTO use...', Array)
#2 C:\\xampp\\htdocs\\sicofi_api\\vendor\\illuminate\\database\\Connection.php(663): Illuminate\\Database\\Connection->runQueryCallback('INSERT INTO use...', Array, Object(Closure))
#3 C:\\xampp\\htdocs\\sicofi_api\\vendor\\illuminate\\database\\Connection.php(493): Illuminate\\Database\\Connection->run('INSERT INTO use...', Array, Object(Closure))
#4 C:\\xampp\\htdocs\\sicofi_api\\vendor\\illuminate\\database\\Connection.php(445): Illuminate\\Database\\Connection->statement('INSERT INTO use...', Array)
#5 C:\\xampp\\htdocs\\sicofi_api\\vendor\\illuminate\\database\\DatabaseManager.php(388): Illuminate\\Database\\Connection->insert('INSERT INTO use...')
#6 C:\\xampp\\htdocs\\sicofi_api\\vendor\\illuminate\\support\\Facades\\Facade.php(261): Illuminate\\Database\\DatabaseManager->__call('insert', Array)
#7 C:\\xampp\\htdocs\\sicofi_api\\app\\Http\\Controllers\\UsersController.php(167): Illuminate\\Support\\Facades\\Facade::__callStatic('insert', Array)
#8 C:\\xampp\\htdocs\\sicofi_api\\vendor\\illuminate\\container\\BoundMethod.php(36): App\\Http\\Controllers\\UsersController->update(Object(Laravel\\Lumen\\Http\\Request))
#9 C:\\xampp\\htdocs\\sicofi_api\\vendor\\illuminate\\container\\Util.php(40): Illuminate\\Container\\BoundMethod::Illuminate\\Container\\{closure}()
#10 C:\\xampp\\htdocs\\sicofi_api\\vendor\\illuminate\\container\\BoundMethod.php(93): Illuminate\\Container\\Util::unwrapIfClosure(Object(Closure))
#11 C:\\xampp\\htdocs\\sicofi_api\\vendor\\illuminate\\container\\BoundMethod.php(37): Illuminate\\Container\\BoundMethod::callBoundMethod(Object(Laravel\\Lumen\\Application), Array, Object(Closure))
#12 C:\\xampp\\htdocs\\sicofi_api\\vendor\\illuminate\\container\\Container.php(653): Illuminate\\Container\\BoundMethod::call(Object(Laravel\\Lumen\\Application), Array, Array, NULL)
#13 C:\\xampp\\htdocs\\sicofi_api\\vendor\\laravel\\lumen-framework\\src\\Concerns\\RoutesRequests.php(389): Illuminate\\Container\\Container->call(Array, Array)
#14 C:\\xampp\\htdocs\\sicofi_api\\vendor\\laravel\\lumen-framework\\src\\Concerns\\RoutesRequests.php(355): Laravel\\Lumen\\Application->callControllerCallable(Array, Array)
#15 C:\\xampp\\htdocs\\sicofi_api\\vendor\\laravel\\lumen-framework\\src\\Concerns\\RoutesRequests.php(329): Laravel\\Lumen\\Application->callLumenController(Object(App\\Http\\Controllers\\UsersController), 'update', Array)
#16 C:\\xampp\\htdocs\\sicofi_api\\vendor\\laravel\\lumen-framework\\src\\Concerns\\RoutesRequests.php(282): Laravel\\Lumen\\Application->callControllerAction(Array)
#17 C:\\xampp\\htdocs\\sicofi_api\\vendor\\laravel\\lumen-framework\\src\\Concerns\\RoutesRequests.php(267): Laravel\\Lumen\\Application->callActionOnArrayBasedRoute(Array)
#18 C:\\xampp\\htdocs\\sicofi_api\\vendor\\laravel\\lumen-framework\\src\\Concerns\\RoutesRequests.php(169): Laravel\\Lumen\\Application->handleFoundRoute(Array)
#19 C:\\xampp\\htdocs\\sicofi_api\\vendor\\laravel\\lumen-framework\\src\\Routing\\Pipeline.php(48): Laravel\\Lumen\\Application->Laravel\\Lumen\\Concerns\\{closure}(Object(Laravel\\Lumen\\Http\\Request))
#20 C:\\xampp\\htdocs\\sicofi_api\\app\\Http\\Middleware\\CorsMiddleware.php(28): Laravel\\Lumen\\Routing\\Pipeline->Laravel\\Lumen\\Routing\\{closure}(Object(Laravel\\Lumen\\Http\\Request))
#21 C:\\xampp\\htdocs\\sicofi_api\\vendor\\illuminate\\pipeline\\Pipeline.php(167): App\\Http\\Middleware\\CorsMiddleware->handle(Object(Laravel\\Lumen\\Http\\Request), Object(Closure))
#22 C:\\xampp\\htdocs\\sicofi_api\\vendor\\laravel\\lumen-framework\\src\\Routing\\Pipeline.php(30): Illuminate\\Pipeline\\Pipeline->Illuminate\\Pipeline\\{closure}(Object(Laravel\\Lumen\\Http\\Request))
#23 C:\\xampp\\htdocs\\sicofi_api\\vendor\\illuminate\\pipeline\\Pipeline.php(103): Laravel\\Lumen\\Routing\\Pipeline->Laravel\\Lumen\\Routing\\{closure}(Object(Laravel\\Lumen\\Http\\Request))
#24 C:\\xampp\\htdocs\\sicofi_api\\vendor\\laravel\\lumen-framework\\src\\Concerns\\RoutesRequests.php(426): Illuminate\\Pipeline\\Pipeline->then(Object(Closure))
#25 C:\\xampp\\htdocs\\sicofi_api\\vendor\\laravel\\lumen-framework\\src\\Concerns\\RoutesRequests.php(175): Laravel\\Lumen\\Application->sendThroughPipeline(Array, Object(Closure))
#26 C:\\xampp\\htdocs\\sicofi_api\\vendor\\laravel\\lumen-framework\\src\\Concerns\\RoutesRequests.php(112): Laravel\\Lumen\\Application->dispatch(NULL)
#27 C:\\xampp\\htdocs\\sicofi_api\\public\\index.php(28): Laravel\\Lumen\\Application->run()
#28 {main}
"} 
