[2022-01-30 23:33:16] local.ERROR: SQLSTATE[42S22]: Column not found: 1054 Unknown column 'undefined' in 'where clause' (SQL: SELECT inco.*, proj.projectName, peop.name FROM incomes AS inco
      JOIN projects AS proj ON inco.projectNumber = proj.projectNumber
      JOIN people AS peop ON inco.sign = peop.id WHERE inco.id = undefined) {"exception":"[object] (Illuminate\\Database\\QueryException(code: 42S22): SQLSTATE[42S22]: Column not found: 1054 Unknown column 'undefined' in 'where clause' (SQL: SELECT inco.*, proj.projectName, peop.name FROM incomes AS inco
      JOIN projects AS proj ON inco.projectNumber = proj.projectNumber
      JOIN people AS peop ON inco.sign = peop.id WHERE inco.id = undefined) at C:\\xampp\\htdocs\\sicofi_api\\vendor\\illuminate\\database\\Connection.php:703)
[stacktrace]
#0 C:\\xampp\\htdocs\\sicofi_api\\vendor\\illuminate\\database\\Connection.php(663): Illuminate\\Database\\Connection->runQueryCallback('SELECT inco.*, ...', Array, Object(Closure))
#1 C:\\xampp\\htdocs\\sicofi_api\\vendor\\illuminate\\database\\Connection.php(367): Illuminate\\Database\\Connection->run('SELECT inco.*, ...', Array, Object(Closure))
#2 C:\\xampp\\htdocs\\sicofi_api\\vendor\\illuminate\\database\\DatabaseManager.php(388): Illuminate\\Database\\Connection->select('SELECT inco.*, ...')
#3 C:\\xampp\\htdocs\\sicofi_api\\vendor\\illuminate\\support\\Facades\\Facade.php(261): Illuminate\\Database\\DatabaseManager->__call('select', Array)
#4 C:\\xampp\\htdocs\\sicofi_api\\app\\Http\\Controllers\\PrintController.php(29): Illuminate\\Support\\Facades\\Facade::__callStatic('select', Array)
#5 C:\\xampp\\htdocs\\sicofi_api\\vendor\\illuminate\\container\\BoundMethod.php(36): App\\Http\\Controllers\\PrintController->income('undefined', NULL)
#6 C:\\xampp\\htdocs\\sicofi_api\\vendor\\illuminate\\container\\Util.php(40): Illuminate\\Container\\BoundMethod::Illuminate\\Container\\{closure}()
#7 C:\\xampp\\htdocs\\sicofi_api\\vendor\\illuminate\\container\\BoundMethod.php(93): Illuminate\\Container\\Util::unwrapIfClosure(Object(Closure))
#8 C:\\xampp\\htdocs\\sicofi_api\\vendor\\illuminate\\container\\BoundMethod.php(37): Illuminate\\Container\\BoundMethod::callBoundMethod(Object(Laravel\\Lumen\\Application), Array, Object(Closure))
#9 C:\\xampp\\htdocs\\sicofi_api\\vendor\\illuminate\\container\\Container.php(653): Illuminate\\Container\\BoundMethod::call(Object(Laravel\\Lumen\\Application), Array, Array, NULL)
#10 C:\\xampp\\htdocs\\sicofi_api\\vendor\\laravel\\lumen-framework\\src\\Concerns\\RoutesRequests.php(389): Illuminate\\Container\\Container->call(Array, Array)
#11 C:\\xampp\\htdocs\\sicofi_api\\vendor\\laravel\\lumen-framework\\src\\Concerns\\RoutesRequests.php(355): Laravel\\Lumen\\Application->callControllerCallable(Array, Array)
#12 C:\\xampp\\htdocs\\sicofi_api\\vendor\\laravel\\lumen-framework\\src\\Concerns\\RoutesRequests.php(329): Laravel\\Lumen\\Application->callLumenController(Object(App\\Http\\Controllers\\PrintController), 'income', Array)
#13 C:\\xampp\\htdocs\\sicofi_api\\vendor\\laravel\\lumen-framework\\src\\Concerns\\RoutesRequests.php(282): Laravel\\Lumen\\Application->callControllerAction(Array)
#14 C:\\xampp\\htdocs\\sicofi_api\\vendor\\laravel\\lumen-framework\\src\\Concerns\\RoutesRequests.php(267): Laravel\\Lumen\\Application->callActionOnArrayBasedRoute(Array)
#15 C:\\xampp\\htdocs\\sicofi_api\\vendor\\laravel\\lumen-framework\\src\\Concerns\\RoutesRequests.php(237): Laravel\\Lumen\\Application->handleFoundRoute(Array)
#16 C:\\xampp\\htdocs\\sicofi_api\\vendor\\laravel\\lumen-framework\\src\\Concerns\\RoutesRequests.php(173): Laravel\\Lumen\\Application->handleDispatcherResponse(Array)
#17 C:\\xampp\\htdocs\\sicofi_api\\vendor\\laravel\\lumen-framework\\src\\Routing\\Pipeline.php(48): Laravel\\Lumen\\Application->Laravel\\Lumen\\Concerns\\{closure}(Object(Laravel\\Lumen\\Http\\Request))
#18 C:\\xampp\\htdocs\\sicofi_api\\app\\Http\\Middleware\\CorsMiddleware.php(28): Laravel\\Lumen\\Routing\\Pipeline->Laravel\\Lumen\\Routing\\{closure}(Object(Laravel\\Lumen\\Http\\Request))
#19 C:\\xampp\\htdocs\\sicofi_api\\vendor\\illuminate\\pipeline\\Pipeline.php(167): App\\Http\\Middleware\\CorsMiddleware->handle(Object(Laravel\\Lumen\\Http\\Request), Object(Closure))
#20 C:\\xampp\\htdocs\\sicofi_api\\vendor\\laravel\\lumen-framework\\src\\Routing\\Pipeline.php(30): Illuminate\\Pipeline\\Pipeline->Illuminate\\Pipeline\\{closure}(Object(Laravel\\Lumen\\Http\\Request))
#21 C:\\xampp\\htdocs\\sicofi_api\\vendor\\illuminate\\pipeline\\Pipeline.php(103): Laravel\\Lumen\\Routing\\Pipeline->Laravel\\Lumen\\Routing\\{closure}(Object(Laravel\\Lumen\\Http\\Request))
#22 C:\\xampp\\htdocs\\sicofi_api\\vendor\\laravel\\lumen-framework\\src\\Concerns\\RoutesRequests.php(426): Illuminate\\Pipeline\\Pipeline->then(Object(Closure))
#23 C:\\xampp\\htdocs\\sicofi_api\\vendor\\laravel\\lumen-framework\\src\\Concerns\\RoutesRequests.php(175): Laravel\\Lumen\\Application->sendThroughPipeline(Array, Object(Closure))
#24 C:\\xampp\\htdocs\\sicofi_api\\vendor\\laravel\\lumen-framework\\src\\Concerns\\RoutesRequests.php(112): Laravel\\Lumen\\Application->dispatch(NULL)
#25 C:\\xampp\\htdocs\\sicofi_api\\public\\index.php(28): Laravel\\Lumen\\Application->run()
#26 {main}

[previous exception] [object] (PDOException(code: 42S22): SQLSTATE[42S22]: Column not found: 1054 Unknown column 'undefined' in 'where clause' at C:\\xampp\\htdocs\\sicofi_api\\vendor\\illuminate\\database\\Connection.php:359)
[stacktrace]
#0 C:\\xampp\\htdocs\\sicofi_api\\vendor\\illuminate\\database\\Connection.php(359): PDO->prepare('SELECT inco.*, ...')
#1 C:\\xampp\\htdocs\\sicofi_api\\vendor\\illuminate\\database\\Connection.php(696): Illuminate\\Database\\Connection->Illuminate\\Database\\{closure}('SELECT inco.*, ...', Array)
#2 C:\\xampp\\htdocs\\sicofi_api\\vendor\\illuminate\\database\\Connection.php(663): Illuminate\\Database\\Connection->runQueryCallback('SELECT inco.*, ...', Array, Object(Closure))
#3 C:\\xampp\\htdocs\\sicofi_api\\vendor\\illuminate\\database\\Connection.php(367): Illuminate\\Database\\Connection->run('SELECT inco.*, ...', Array, Object(Closure))
#4 C:\\xampp\\htdocs\\sicofi_api\\vendor\\illuminate\\database\\DatabaseManager.php(388): Illuminate\\Database\\Connection->select('SELECT inco.*, ...')
#5 C:\\xampp\\htdocs\\sicofi_api\\vendor\\illuminate\\support\\Facades\\Facade.php(261): Illuminate\\Database\\DatabaseManager->__call('select', Array)
#6 C:\\xampp\\htdocs\\sicofi_api\\app\\Http\\Controllers\\PrintController.php(29): Illuminate\\Support\\Facades\\Facade::__callStatic('select', Array)
#7 C:\\xampp\\htdocs\\sicofi_api\\vendor\\illuminate\\container\\BoundMethod.php(36): App\\Http\\Controllers\\PrintController->income('undefined', NULL)
#8 C:\\xampp\\htdocs\\sicofi_api\\vendor\\illuminate\\container\\Util.php(40): Illuminate\\Container\\BoundMethod::Illuminate\\Container\\{closure}()
#9 C:\\xampp\\htdocs\\sicofi_api\\vendor\\illuminate\\container\\BoundMethod.php(93): Illuminate\\Container\\Util::unwrapIfClosure(Object(Closure))
#10 C:\\xampp\\htdocs\\sicofi_api\\vendor\\illuminate\\container\\BoundMethod.php(37): Illuminate\\Container\\BoundMethod::callBoundMethod(Object(Laravel\\Lumen\\Application), Array, Object(Closure))
#11 C:\\xampp\\htdocs\\sicofi_api\\vendor\\illuminate\\container\\Container.php(653): Illuminate\\Container\\BoundMethod::call(Object(Laravel\\Lumen\\Application), Array, Array, NULL)
#12 C:\\xampp\\htdocs\\sicofi_api\\vendor\\laravel\\lumen-framework\\src\\Concerns\\RoutesRequests.php(389): Illuminate\\Container\\Container->call(Array, Array)
#13 C:\\xampp\\htdocs\\sicofi_api\\vendor\\laravel\\lumen-framework\\src\\Concerns\\RoutesRequests.php(355): Laravel\\Lumen\\Application->callControllerCallable(Array, Array)
#14 C:\\xampp\\htdocs\\sicofi_api\\vendor\\laravel\\lumen-framework\\src\\Concerns\\RoutesRequests.php(329): Laravel\\Lumen\\Application->callLumenController(Object(App\\Http\\Controllers\\PrintController), 'income', Array)
#15 C:\\xampp\\htdocs\\sicofi_api\\vendor\\laravel\\lumen-framework\\src\\Concerns\\RoutesRequests.php(282): Laravel\\Lumen\\Application->callControllerAction(Array)
#16 C:\\xampp\\htdocs\\sicofi_api\\vendor\\laravel\\lumen-framework\\src\\Concerns\\RoutesRequests.php(267): Laravel\\Lumen\\Application->callActionOnArrayBasedRoute(Array)
#17 C:\\xampp\\htdocs\\sicofi_api\\vendor\\laravel\\lumen-framework\\src\\Concerns\\RoutesRequests.php(237): Laravel\\Lumen\\Application->handleFoundRoute(Array)
#18 C:\\xampp\\htdocs\\sicofi_api\\vendor\\laravel\\lumen-framework\\src\\Concerns\\RoutesRequests.php(173): Laravel\\Lumen\\Application->handleDispatcherResponse(Array)
#19 C:\\xampp\\htdocs\\sicofi_api\\vendor\\laravel\\lumen-framework\\src\\Routing\\Pipeline.php(48): Laravel\\Lumen\\Application->Laravel\\Lumen\\Concerns\\{closure}(Object(Laravel\\Lumen\\Http\\Request))
#20 C:\\xampp\\htdocs\\sicofi_api\\app\\Http\\Middleware\\CorsMiddleware.php(28): Laravel\\Lumen\\Routing\\Pipeline->Laravel\\Lumen\\Routing\\{closure}(Object(Laravel\\Lumen\\Http\\Request))
#21 C:\\xampp\\htdocs\\sicofi_api\\vendor\\illuminate\\pipeline\\Pipeline.php(167): App\\Http\\Middleware\\CorsMiddleware->handle(Object(Laravel\\Lumen\\Http\\Request), Object(Closure))
#22 C:\\xampp\\htdocs\\sicofi_api\\vendor\\laravel\\lumen-framework\\src\\Routing\\Pipeline.php(30): Illuminate\\Pipeline\\Pipeline->Illuminate\\Pipeline\\{closure}(Object(Laravel\\Lumen\\Http\\Request))
#23 C:\\xampp\\htdocs\\sicofi_api\\vendor\\illuminate\\pipeline\\Pipeline.php(103): Laravel\\Lumen\\Routing\\Pipeline->Laravel\\Lumen\\Routing\\{closure}(Object(Laravel\\Lumen\\Http\\Request))
#24 C:\\xampp\\htdocs\\sicofi_api\\vendor\\laravel\\lumen-framework\\src\\Concerns\\RoutesRequests.php(426): Illuminate\\Pipeline\\Pipeline->then(Object(Closure))
#25 C:\\xampp\\htdocs\\sicofi_api\\vendor\\laravel\\lumen-framework\\src\\Concerns\\RoutesRequests.php(175): Laravel\\Lumen\\Application->sendThroughPipeline(Array, Object(Closure))
#26 C:\\xampp\\htdocs\\sicofi_api\\vendor\\laravel\\lumen-framework\\src\\Concerns\\RoutesRequests.php(112): Laravel\\Lumen\\Application->dispatch(NULL)
#27 C:\\xampp\\htdocs\\sicofi_api\\public\\index.php(28): Laravel\\Lumen\\Application->run()
#28 {main}
"} 
[2022-01-30 23:36:13] local.ERROR: Array to string conversion {"exception":"[object] (ErrorException(code: 0): Array to string conversion at C:\\xampp\\htdocs\\sicofi_api\\app\\Http\\Controllers\\ProjectsController.php:45)
[stacktrace]
#0 C:\\xampp\\htdocs\\sicofi_api\\app\\Http\\Controllers\\ProjectsController.php(45): Laravel\\Lumen\\Application->Laravel\\Lumen\\Concerns\\{closure}(2, 'Array to string...', 'C:\\\\xampp\\\\htdocs...', 45)
#1 C:\\xampp\\htdocs\\sicofi_api\\vendor\\illuminate\\container\\BoundMethod.php(36): App\\Http\\Controllers\\ProjectsController->list(Object(Laravel\\Lumen\\Http\\Request))
#2 C:\\xampp\\htdocs\\sicofi_api\\vendor\\illuminate\\container\\Util.php(40): Illuminate\\Container\\BoundMethod::Illuminate\\Container\\{closure}()
#3 C:\\xampp\\htdocs\\sicofi_api\\vendor\\illuminate\\container\\BoundMethod.php(93): Illuminate\\Container\\Util::unwrapIfClosure(Object(Closure))
#4 C:\\xampp\\htdocs\\sicofi_api\\vendor\\illuminate\\container\\BoundMethod.php(37): Illuminate\\Container\\BoundMethod::callBoundMethod(Object(Laravel\\Lumen\\Application), Array, Object(Closure))
#5 C:\\xampp\\htdocs\\sicofi_api\\vendor\\illuminate\\container\\Container.php(653): Illuminate\\Container\\BoundMethod::call(Object(Laravel\\Lumen\\Application), Array, Array, NULL)
#6 C:\\xampp\\htdocs\\sicofi_api\\vendor\\laravel\\lumen-framework\\src\\Concerns\\RoutesRequests.php(389): Illuminate\\Container\\Container->call(Array, Array)
#7 C:\\xampp\\htdocs\\sicofi_api\\vendor\\laravel\\lumen-framework\\src\\Concerns\\RoutesRequests.php(355): Laravel\\Lumen\\Application->callControllerCallable(Array, Array)
#8 C:\\xampp\\htdocs\\sicofi_api\\vendor\\laravel\\lumen-framework\\src\\Concerns\\RoutesRequests.php(329): Laravel\\Lumen\\Application->callLumenController(Object(App\\Http\\Controllers\\ProjectsController), 'list', Array)
#9 C:\\xampp\\htdocs\\sicofi_api\\vendor\\laravel\\lumen-framework\\src\\Concerns\\RoutesRequests.php(282): Laravel\\Lumen\\Application->callControllerAction(Array)
#10 C:\\xampp\\htdocs\\sicofi_api\\vendor\\laravel\\lumen-framework\\src\\Concerns\\RoutesRequests.php(267): Laravel\\Lumen\\Application->callActionOnArrayBasedRoute(Array)
#11 C:\\xampp\\htdocs\\sicofi_api\\vendor\\laravel\\lumen-framework\\src\\Concerns\\RoutesRequests.php(169): Laravel\\Lumen\\Application->handleFoundRoute(Array)
#12 C:\\xampp\\htdocs\\sicofi_api\\vendor\\laravel\\lumen-framework\\src\\Routing\\Pipeline.php(48): Laravel\\Lumen\\Application->Laravel\\Lumen\\Concerns\\{closure}(Object(Laravel\\Lumen\\Http\\Request))
#13 C:\\xampp\\htdocs\\sicofi_api\\app\\Http\\Middleware\\CorsMiddleware.php(28): Laravel\\Lumen\\Routing\\Pipeline->Laravel\\Lumen\\Routing\\{closure}(Object(Laravel\\Lumen\\Http\\Request))
#14 C:\\xampp\\htdocs\\sicofi_api\\vendor\\illuminate\\pipeline\\Pipeline.php(167): App\\Http\\Middleware\\CorsMiddleware->handle(Object(Laravel\\Lumen\\Http\\Request), Object(Closure))
#15 C:\\xampp\\htdocs\\sicofi_api\\vendor\\laravel\\lumen-framework\\src\\Routing\\Pipeline.php(30): Illuminate\\Pipeline\\Pipeline->Illuminate\\Pipeline\\{closure}(Object(Laravel\\Lumen\\Http\\Request))
#16 C:\\xampp\\htdocs\\sicofi_api\\vendor\\illuminate\\pipeline\\Pipeline.php(103): Laravel\\Lumen\\Routing\\Pipeline->Laravel\\Lumen\\Routing\\{closure}(Object(Laravel\\Lumen\\Http\\Request))
#17 C:\\xampp\\htdocs\\sicofi_api\\vendor\\laravel\\lumen-framework\\src\\Concerns\\RoutesRequests.php(426): Illuminate\\Pipeline\\Pipeline->then(Object(Closure))
#18 C:\\xampp\\htdocs\\sicofi_api\\vendor\\laravel\\lumen-framework\\src\\Concerns\\RoutesRequests.php(175): Laravel\\Lumen\\Application->sendThroughPipeline(Array, Object(Closure))
#19 C:\\xampp\\htdocs\\sicofi_api\\vendor\\laravel\\lumen-framework\\src\\Concerns\\RoutesRequests.php(112): Laravel\\Lumen\\Application->dispatch(NULL)
#20 C:\\xampp\\htdocs\\sicofi_api\\public\\index.php(28): Laravel\\Lumen\\Application->run()
#21 {main}
"} 
