[2022-01-25 17:34:53] local.ERROR: Undefined variable $incomeId {"exception":"[object] (ErrorException(code: 0): Undefined variable $incomeId at C:\\xampp\\htdocs\\sicofi_api\\app\\Http\\Controllers\\PrintController.php:425)
[stacktrace]
#0 C:\\xampp\\htdocs\\sicofi_api\\app\\Http\\Controllers\\PrintController.php(425): Laravel\\Lumen\\Application->Laravel\\Lumen\\Concerns\\{closure}(2, 'Undefined varia...', 'C:\\\\xampp\\\\htdocs...', 425)
#1 C:\\xampp\\htdocs\\sicofi_api\\vendor\\illuminate\\container\\BoundMethod.php(36): App\\Http\\Controllers\\PrintController->SFgobal_comp('2')
#2 C:\\xampp\\htdocs\\sicofi_api\\vendor\\illuminate\\container\\Util.php(40): Illuminate\\Container\\BoundMethod::Illuminate\\Container\\{closure}()
#3 C:\\xampp\\htdocs\\sicofi_api\\vendor\\illuminate\\container\\BoundMethod.php(93): Illuminate\\Container\\Util::unwrapIfClosure(Object(Closure))
#4 C:\\xampp\\htdocs\\sicofi_api\\vendor\\illuminate\\container\\BoundMethod.php(37): Illuminate\\Container\\BoundMethod::callBoundMethod(Object(Laravel\\Lumen\\Application), Array, Object(Closure))
#5 C:\\xampp\\htdocs\\sicofi_api\\vendor\\illuminate\\container\\Container.php(653): Illuminate\\Container\\BoundMethod::call(Object(Laravel\\Lumen\\Application), Array, Array, NULL)
#6 C:\\xampp\\htdocs\\sicofi_api\\vendor\\laravel\\lumen-framework\\src\\Concerns\\RoutesRequests.php(389): Illuminate\\Container\\Container->call(Array, Array)
#7 C:\\xampp\\htdocs\\sicofi_api\\vendor\\laravel\\lumen-framework\\src\\Concerns\\RoutesRequests.php(355): Laravel\\Lumen\\Application->callControllerCallable(Array, Array)
#8 C:\\xampp\\htdocs\\sicofi_api\\vendor\\laravel\\lumen-framework\\src\\Concerns\\RoutesRequests.php(329): Laravel\\Lumen\\Application->callLumenController(Object(App\\Http\\Controllers\\PrintController), 'SFgobal_comp', Array)
#9 C:\\xampp\\htdocs\\sicofi_api\\vendor\\laravel\\lumen-framework\\src\\Concerns\\RoutesRequests.php(282): Laravel\\Lumen\\Application->callControllerAction(Array)
#10 C:\\xampp\\htdocs\\sicofi_api\\vendor\\laravel\\lumen-framework\\src\\Concerns\\RoutesRequests.php(267): Laravel\\Lumen\\Application->callActionOnArrayBasedRoute(Array)
#11 C:\\xampp\\htdocs\\sicofi_api\\vendor\\laravel\\lumen-framework\\src\\Concerns\\RoutesRequests.php(237): Laravel\\Lumen\\Application->handleFoundRoute(Array)
#12 C:\\xampp\\htdocs\\sicofi_api\\vendor\\laravel\\lumen-framework\\src\\Concerns\\RoutesRequests.php(173): Laravel\\Lumen\\Application->handleDispatcherResponse(Array)
#13 C:\\xampp\\htdocs\\sicofi_api\\vendor\\laravel\\lumen-framework\\src\\Routing\\Pipeline.php(48): Laravel\\Lumen\\Application->Laravel\\Lumen\\Concerns\\{closure}(Object(Laravel\\Lumen\\Http\\Request))
#14 C:\\xampp\\htdocs\\sicofi_api\\app\\Http\\Middleware\\CorsMiddleware.php(28): Laravel\\Lumen\\Routing\\Pipeline->Laravel\\Lumen\\Routing\\{closure}(Object(Laravel\\Lumen\\Http\\Request))
#15 C:\\xampp\\htdocs\\sicofi_api\\vendor\\illuminate\\pipeline\\Pipeline.php(167): App\\Http\\Middleware\\CorsMiddleware->handle(Object(Laravel\\Lumen\\Http\\Request), Object(Closure))
#16 C:\\xampp\\htdocs\\sicofi_api\\vendor\\laravel\\lumen-framework\\src\\Routing\\Pipeline.php(30): Illuminate\\Pipeline\\Pipeline->Illuminate\\Pipeline\\{closure}(Object(Laravel\\Lumen\\Http\\Request))
#17 C:\\xampp\\htdocs\\sicofi_api\\vendor\\illuminate\\pipeline\\Pipeline.php(103): Laravel\\Lumen\\Routing\\Pipeline->Laravel\\Lumen\\Routing\\{closure}(Object(Laravel\\Lumen\\Http\\Request))
#18 C:\\xampp\\htdocs\\sicofi_api\\vendor\\laravel\\lumen-framework\\src\\Concerns\\RoutesRequests.php(426): Illuminate\\Pipeline\\Pipeline->then(Object(Closure))
#19 C:\\xampp\\htdocs\\sicofi_api\\vendor\\laravel\\lumen-framework\\src\\Concerns\\RoutesRequests.php(175): Laravel\\Lumen\\Application->sendThroughPipeline(Array, Object(Closure))
#20 C:\\xampp\\htdocs\\sicofi_api\\vendor\\laravel\\lumen-framework\\src\\Concerns\\RoutesRequests.php(112): Laravel\\Lumen\\Application->dispatch(NULL)
#21 C:\\xampp\\htdocs\\sicofi_api\\public\\index.php(28): Laravel\\Lumen\\Application->run()
#22 {main}
"} 
[2022-01-25 17:35:05] local.ERROR: SQLSTATE[42S22]: Column not found: 1054 Unknown column '2_SF' in 'where clause' (SQL: SELECT * FROM sfchecking WHERE sfId = 2020-2_SF-30176-2_pro-2) {"exception":"[object] (Illuminate\\Database\\QueryException(code: 42S22): SQLSTATE[42S22]: Column not found: 1054 Unknown column '2_SF' in 'where clause' (SQL: SELECT * FROM sfchecking WHERE sfId = 2020-2_SF-30176-2_pro-2) at C:\\xampp\\htdocs\\sicofi_api\\vendor\\illuminate\\database\\Connection.php:703)
[stacktrace]
#0 C:\\xampp\\htdocs\\sicofi_api\\vendor\\illuminate\\database\\Connection.php(663): Illuminate\\Database\\Connection->runQueryCallback('SELECT * FROM s...', Array, Object(Closure))
#1 C:\\xampp\\htdocs\\sicofi_api\\vendor\\illuminate\\database\\Connection.php(367): Illuminate\\Database\\Connection->run('SELECT * FROM s...', Array, Object(Closure))
#2 C:\\xampp\\htdocs\\sicofi_api\\vendor\\illuminate\\database\\DatabaseManager.php(388): Illuminate\\Database\\Connection->select('SELECT * FROM s...')
#3 C:\\xampp\\htdocs\\sicofi_api\\vendor\\illuminate\\support\\Facades\\Facade.php(261): Illuminate\\Database\\DatabaseManager->__call('select', Array)
#4 C:\\xampp\\htdocs\\sicofi_api\\app\\Http\\Controllers\\PrintController.php(431): Illuminate\\Support\\Facades\\Facade::__callStatic('select', Array)
#5 C:\\xampp\\htdocs\\sicofi_api\\vendor\\illuminate\\container\\BoundMethod.php(36): App\\Http\\Controllers\\PrintController->SFgobal_comp('2')
#6 C:\\xampp\\htdocs\\sicofi_api\\vendor\\illuminate\\container\\Util.php(40): Illuminate\\Container\\BoundMethod::Illuminate\\Container\\{closure}()
#7 C:\\xampp\\htdocs\\sicofi_api\\vendor\\illuminate\\container\\BoundMethod.php(93): Illuminate\\Container\\Util::unwrapIfClosure(Object(Closure))
#8 C:\\xampp\\htdocs\\sicofi_api\\vendor\\illuminate\\container\\BoundMethod.php(37): Illuminate\\Container\\BoundMethod::callBoundMethod(Object(Laravel\\Lumen\\Application), Array, Object(Closure))
#9 C:\\xampp\\htdocs\\sicofi_api\\vendor\\illuminate\\container\\Container.php(653): Illuminate\\Container\\BoundMethod::call(Object(Laravel\\Lumen\\Application), Array, Array, NULL)
#10 C:\\xampp\\htdocs\\sicofi_api\\vendor\\laravel\\lumen-framework\\src\\Concerns\\RoutesRequests.php(389): Illuminate\\Container\\Container->call(Array, Array)
#11 C:\\xampp\\htdocs\\sicofi_api\\vendor\\laravel\\lumen-framework\\src\\Concerns\\RoutesRequests.php(355): Laravel\\Lumen\\Application->callControllerCallable(Array, Array)
#12 C:\\xampp\\htdocs\\sicofi_api\\vendor\\laravel\\lumen-framework\\src\\Concerns\\RoutesRequests.php(329): Laravel\\Lumen\\Application->callLumenController(Object(App\\Http\\Controllers\\PrintController), 'SFgobal_comp', Array)
#13 C:\\xampp\\htdocs\\sicofi_api\\vendor\\laravel\\lumen-framework\\src\\Concerns\\RoutesRequests.php(282): Laravel\\Lumen\\Application->callControllerAction(Array)
#14 C:\\xampp\\htdocs\\sicofi_api\\vendor\\laravel\\lumen-framework\\src\\Concerns\\RoutesRequests.php(267): Laravel\\Lumen\\Application->callActionOnArrayBasedRoute(Array)
#15 C:\\xampp\\htdocs\\sicofi_api\\vendor\\laravel\\lumen-framework\\src\\Concerns\\RoutesRequests.php(237): Laravel\\Lumen\\Application->handleFoundRoute(Array)
#16 C:\\xampp\\htdocs\\sicofi_api\\vendor\\laravel\\lumen-framework\\src\\Concerns\\RoutesRequests.php(173): Laravel\\Lumen\\Application->handleDispatcherResponse(Array)
#17 C:\\xampp\\htdocs\\sicofi_api\\vendor\\laravel\\lumen-framework\\src\\Routing\\Pipeline.php(48): Laravel\\Lumen\\Application->Laravel\\Lumen\\Concerns\\{closure}(Object(Laravel\\Lumen\\Http\\Request))
#18 C:\\xampp\\htdocs\\sicofi_api\\app\\Http\\Middleware\\CorsMiddleware.php(28): Laravel\\Lumen\\Routing\\Pipeline->Laravel\\Lumen\\Routing\\{closure}(Object(Laravel\\Lumen\\Http\\Request))
#19 C:\\xampp\\htdocs\\sicofi_api\\vendor\\illuminate\\pipeline\\Pipeline.php(167): App\\Http\\Middleware\\CorsMiddleware->handle(Object(Laravel\\Lumen\\Http\\Request), Object(Closure))
#20 C:\\xampp\\htdocs\\sicofi_api\\vendor\\laravel\\lumen-framework\\src\\Routing\\Pipeline.php(30): Illuminate\\Pipeline\\Pipeline->Illuminate\\Pipeline\\{closure}(Object(Laravel\\Lumen\\Http\\Request))
#21 C:\\xampp\\htdocs\\sicofi_api\\vendor\\illuminate\\pipeline\\Pipeline.php(103): Laravel\\Lumen\\Routing\\Pipeline->Laravel\\Lumen\\Routing\\{closure}(Object(Laravel\\Lumen\\Http\\Request))
#22 C:\\xampp\\htdocs\\sicofi_api\\vendor\\laravel\\lumen-framework\\src\\Concerns\\RoutesRequests.php(426): Illuminate\\Pipeline\\Pipeline->then(Object(Closure))
#23 C:\\xampp\\htdocs\\sicofi_api\\vendor\\laravel\\lumen-framework\\src\\Concerns\\RoutesRequests.php(175): Laravel\\Lumen\\Application->sendThroughPipeline(Array, Object(Closure))
#24 C:\\xampp\\htdocs\\sicofi_api\\vendor\\laravel\\lumen-framework\\src\\Concerns\\RoutesRequests.php(112): Laravel\\Lumen\\Application->dispatch(NULL)
#25 C:\\xampp\\htdocs\\sicofi_api\\public\\index.php(28): Laravel\\Lumen\\Application->run()
#26 {main}

[previous exception] [object] (PDOException(code: 42S22): SQLSTATE[42S22]: Column not found: 1054 Unknown column '2_SF' in 'where clause' at C:\\xampp\\htdocs\\sicofi_api\\vendor\\illuminate\\database\\Connection.php:359)
[stacktrace]
#0 C:\\xampp\\htdocs\\sicofi_api\\vendor\\illuminate\\database\\Connection.php(359): PDO->prepare('SELECT * FROM s...')
#1 C:\\xampp\\htdocs\\sicofi_api\\vendor\\illuminate\\database\\Connection.php(696): Illuminate\\Database\\Connection->Illuminate\\Database\\{closure}('SELECT * FROM s...', Array)
#2 C:\\xampp\\htdocs\\sicofi_api\\vendor\\illuminate\\database\\Connection.php(663): Illuminate\\Database\\Connection->runQueryCallback('SELECT * FROM s...', Array, Object(Closure))
#3 C:\\xampp\\htdocs\\sicofi_api\\vendor\\illuminate\\database\\Connection.php(367): Illuminate\\Database\\Connection->run('SELECT * FROM s...', Array, Object(Closure))
#4 C:\\xampp\\htdocs\\sicofi_api\\vendor\\illuminate\\database\\DatabaseManager.php(388): Illuminate\\Database\\Connection->select('SELECT * FROM s...')
#5 C:\\xampp\\htdocs\\sicofi_api\\vendor\\illuminate\\support\\Facades\\Facade.php(261): Illuminate\\Database\\DatabaseManager->__call('select', Array)
#6 C:\\xampp\\htdocs\\sicofi_api\\app\\Http\\Controllers\\PrintController.php(431): Illuminate\\Support\\Facades\\Facade::__callStatic('select', Array)
#7 C:\\xampp\\htdocs\\sicofi_api\\vendor\\illuminate\\container\\BoundMethod.php(36): App\\Http\\Controllers\\PrintController->SFgobal_comp('2')
#8 C:\\xampp\\htdocs\\sicofi_api\\vendor\\illuminate\\container\\Util.php(40): Illuminate\\Container\\BoundMethod::Illuminate\\Container\\{closure}()
#9 C:\\xampp\\htdocs\\sicofi_api\\vendor\\illuminate\\container\\BoundMethod.php(93): Illuminate\\Container\\Util::unwrapIfClosure(Object(Closure))
#10 C:\\xampp\\htdocs\\sicofi_api\\vendor\\illuminate\\container\\BoundMethod.php(37): Illuminate\\Container\\BoundMethod::callBoundMethod(Object(Laravel\\Lumen\\Application), Array, Object(Closure))
#11 C:\\xampp\\htdocs\\sicofi_api\\vendor\\illuminate\\container\\Container.php(653): Illuminate\\Container\\BoundMethod::call(Object(Laravel\\Lumen\\Application), Array, Array, NULL)
#12 C:\\xampp\\htdocs\\sicofi_api\\vendor\\laravel\\lumen-framework\\src\\Concerns\\RoutesRequests.php(389): Illuminate\\Container\\Container->call(Array, Array)
#13 C:\\xampp\\htdocs\\sicofi_api\\vendor\\laravel\\lumen-framework\\src\\Concerns\\RoutesRequests.php(355): Laravel\\Lumen\\Application->callControllerCallable(Array, Array)
#14 C:\\xampp\\htdocs\\sicofi_api\\vendor\\laravel\\lumen-framework\\src\\Concerns\\RoutesRequests.php(329): Laravel\\Lumen\\Application->callLumenController(Object(App\\Http\\Controllers\\PrintController), 'SFgobal_comp', Array)
#15 C:\\xampp\\htdocs\\sicofi_api\\vendor\\laravel\\lumen-framework\\src\\Concerns\\RoutesRequests.php(282): Laravel\\Lumen\\Application->callControllerAction(Array)
#16 C:\\xampp\\htdocs\\sicofi_api\\vendor\\laravel\\lumen-framework\\src\\Concerns\\RoutesRequests.php(267): Laravel\\Lumen\\Application->callActionOnArrayBasedRoute(Array)
#17 C:\\xampp\\htdocs\\sicofi_api\\vendor\\laravel\\lumen-framework\\src\\Concerns\\RoutesRequests.php(237): Laravel\\Lumen\\Application->handleFoundRoute(Array)
#18 C:\\xampp\\htdocs\\sicofi_api\\vendor\\laravel\\lumen-framework\\src\\Concerns\\RoutesRequests.php(173): Laravel\\Lumen\\Application->handleDispatcherResponse(Array)
#19 C:\\xampp\\htdocs\\sicofi_api\\vendor\\laravel\\lumen-framework\\src\\Routing\\Pipeline.php(48): Laravel\\Lumen\\Application->Laravel\\Lumen\\Concerns\\{closure}(Object(Laravel\\Lumen\\Http\\Request))
#20 C:\\xampp\\htdocs\\sicofi_api\\app\\Http\\Middleware\\CorsMiddleware.php(28): Laravel\\Lumen\\Routing\\Pipeline->Laravel\\Lumen\\Routing\\{closure}(Object(Laravel\\Lumen\\Http\\Request))
#21 C:\\xampp\\htdocs\\sicofi_api\\vendor\\illuminate\\pipeline\\Pipeline.php(167): App\\Http\\Middleware\\CorsMiddleware->handle(Object(Laravel\\Lumen\\Http\\Request), Object(Closure))
#22 C:\\xampp\\htdocs\\sicofi_api\\vendor\\laravel\\lumen-framework\\src\\Routing\\Pipeline.php(30): Illuminate\\Pipeline\\Pipeline->Illuminate\\Pipeline\\{closure}(Object(Laravel\\Lumen\\Http\\Request))
#23 C:\\xampp\\htdocs\\sicofi_api\\vendor\\illuminate\\pipeline\\Pipeline.php(103): Laravel\\Lumen\\Routing\\Pipeline->Laravel\\Lumen\\Routing\\{closure}(Object(Laravel\\Lumen\\Http\\Request))
#24 C:\\xampp\\htdocs\\sicofi_api\\vendor\\laravel\\lumen-framework\\src\\Concerns\\RoutesRequests.php(426): Illuminate\\Pipeline\\Pipeline->then(Object(Closure))
#25 C:\\xampp\\htdocs\\sicofi_api\\vendor\\laravel\\lumen-framework\\src\\Concerns\\RoutesRequests.php(175): Laravel\\Lumen\\Application->sendThroughPipeline(Array, Object(Closure))
#26 C:\\xampp\\htdocs\\sicofi_api\\vendor\\laravel\\lumen-framework\\src\\Concerns\\RoutesRequests.php(112): Laravel\\Lumen\\Application->dispatch(NULL)
#27 C:\\xampp\\htdocs\\sicofi_api\\public\\index.php(28): Laravel\\Lumen\\Application->run()
#28 {main}
"} 
[2022-01-25 17:35:36] local.ERROR: SQLSTATE[42S22]: Column not found: 1054 Unknown column '2_SF' in 'where clause' (SQL: SELECT * FROM sfchecking WHERE sfId = 2020-2_SF-30176-2_pro-2) {"exception":"[object] (Illuminate\\Database\\QueryException(code: 42S22): SQLSTATE[42S22]: Column not found: 1054 Unknown column '2_SF' in 'where clause' (SQL: SELECT * FROM sfchecking WHERE sfId = 2020-2_SF-30176-2_pro-2) at C:\\xampp\\htdocs\\sicofi_api\\vendor\\illuminate\\database\\Connection.php:703)
[stacktrace]
#0 C:\\xampp\\htdocs\\sicofi_api\\vendor\\illuminate\\database\\Connection.php(663): Illuminate\\Database\\Connection->runQueryCallback('SELECT * FROM s...', Array, Object(Closure))
#1 C:\\xampp\\htdocs\\sicofi_api\\vendor\\illuminate\\database\\Connection.php(367): Illuminate\\Database\\Connection->run('SELECT * FROM s...', Array, Object(Closure))
#2 C:\\xampp\\htdocs\\sicofi_api\\vendor\\illuminate\\database\\DatabaseManager.php(388): Illuminate\\Database\\Connection->select('SELECT * FROM s...')
#3 C:\\xampp\\htdocs\\sicofi_api\\vendor\\illuminate\\support\\Facades\\Facade.php(261): Illuminate\\Database\\DatabaseManager->__call('select', Array)
#4 C:\\xampp\\htdocs\\sicofi_api\\app\\Http\\Controllers\\PrintController.php(431): Illuminate\\Support\\Facades\\Facade::__callStatic('select', Array)
#5 C:\\xampp\\htdocs\\sicofi_api\\vendor\\illuminate\\container\\BoundMethod.php(36): App\\Http\\Controllers\\PrintController->SFgobal_comp('2')
#6 C:\\xampp\\htdocs\\sicofi_api\\vendor\\illuminate\\container\\Util.php(40): Illuminate\\Container\\BoundMethod::Illuminate\\Container\\{closure}()
#7 C:\\xampp\\htdocs\\sicofi_api\\vendor\\illuminate\\container\\BoundMethod.php(93): Illuminate\\Container\\Util::unwrapIfClosure(Object(Closure))
#8 C:\\xampp\\htdocs\\sicofi_api\\vendor\\illuminate\\container\\BoundMethod.php(37): Illuminate\\Container\\BoundMethod::callBoundMethod(Object(Laravel\\Lumen\\Application), Array, Object(Closure))
#9 C:\\xampp\\htdocs\\sicofi_api\\vendor\\illuminate\\container\\Container.php(653): Illuminate\\Container\\BoundMethod::call(Object(Laravel\\Lumen\\Application), Array, Array, NULL)
#10 C:\\xampp\\htdocs\\sicofi_api\\vendor\\laravel\\lumen-framework\\src\\Concerns\\RoutesRequests.php(389): Illuminate\\Container\\Container->call(Array, Array)
#11 C:\\xampp\\htdocs\\sicofi_api\\vendor\\laravel\\lumen-framework\\src\\Concerns\\RoutesRequests.php(355): Laravel\\Lumen\\Application->callControllerCallable(Array, Array)
#12 C:\\xampp\\htdocs\\sicofi_api\\vendor\\laravel\\lumen-framework\\src\\Concerns\\RoutesRequests.php(329): Laravel\\Lumen\\Application->callLumenController(Object(App\\Http\\Controllers\\PrintController), 'SFgobal_comp', Array)
#13 C:\\xampp\\htdocs\\sicofi_api\\vendor\\laravel\\lumen-framework\\src\\Concerns\\RoutesRequests.php(282): Laravel\\Lumen\\Application->callControllerAction(Array)
#14 C:\\xampp\\htdocs\\sicofi_api\\vendor\\laravel\\lumen-framework\\src\\Concerns\\RoutesRequests.php(267): Laravel\\Lumen\\Application->callActionOnArrayBasedRoute(Array)
#15 C:\\xampp\\htdocs\\sicofi_api\\vendor\\laravel\\lumen-framework\\src\\Concerns\\RoutesRequests.php(237): Laravel\\Lumen\\Application->handleFoundRoute(Array)
#16 C:\\xampp\\htdocs\\sicofi_api\\vendor\\laravel\\lumen-framework\\src\\Concerns\\RoutesRequests.php(173): Laravel\\Lumen\\Application->handleDispatcherResponse(Array)
#17 C:\\xampp\\htdocs\\sicofi_api\\vendor\\laravel\\lumen-framework\\src\\Routing\\Pipeline.php(48): Laravel\\Lumen\\Application->Laravel\\Lumen\\Concerns\\{closure}(Object(Laravel\\Lumen\\Http\\Request))
#18 C:\\xampp\\htdocs\\sicofi_api\\app\\Http\\Middleware\\CorsMiddleware.php(28): Laravel\\Lumen\\Routing\\Pipeline->Laravel\\Lumen\\Routing\\{closure}(Object(Laravel\\Lumen\\Http\\Request))
#19 C:\\xampp\\htdocs\\sicofi_api\\vendor\\illuminate\\pipeline\\Pipeline.php(167): App\\Http\\Middleware\\CorsMiddleware->handle(Object(Laravel\\Lumen\\Http\\Request), Object(Closure))
#20 C:\\xampp\\htdocs\\sicofi_api\\vendor\\laravel\\lumen-framework\\src\\Routing\\Pipeline.php(30): Illuminate\\Pipeline\\Pipeline->Illuminate\\Pipeline\\{closure}(Object(Laravel\\Lumen\\Http\\Request))
#21 C:\\xampp\\htdocs\\sicofi_api\\vendor\\illuminate\\pipeline\\Pipeline.php(103): Laravel\\Lumen\\Routing\\Pipeline->Laravel\\Lumen\\Routing\\{closure}(Object(Laravel\\Lumen\\Http\\Request))
#22 C:\\xampp\\htdocs\\sicofi_api\\vendor\\laravel\\lumen-framework\\src\\Concerns\\RoutesRequests.php(426): Illuminate\\Pipeline\\Pipeline->then(Object(Closure))
#23 C:\\xampp\\htdocs\\sicofi_api\\vendor\\laravel\\lumen-framework\\src\\Concerns\\RoutesRequests.php(175): Laravel\\Lumen\\Application->sendThroughPipeline(Array, Object(Closure))
#24 C:\\xampp\\htdocs\\sicofi_api\\vendor\\laravel\\lumen-framework\\src\\Concerns\\RoutesRequests.php(112): Laravel\\Lumen\\Application->dispatch(NULL)
#25 C:\\xampp\\htdocs\\sicofi_api\\public\\index.php(28): Laravel\\Lumen\\Application->run()
#26 {main}

[previous exception] [object] (PDOException(code: 42S22): SQLSTATE[42S22]: Column not found: 1054 Unknown column '2_SF' in 'where clause' at C:\\xampp\\htdocs\\sicofi_api\\vendor\\illuminate\\database\\Connection.php:359)
[stacktrace]
#0 C:\\xampp\\htdocs\\sicofi_api\\vendor\\illuminate\\database\\Connection.php(359): PDO->prepare('SELECT * FROM s...')
#1 C:\\xampp\\htdocs\\sicofi_api\\vendor\\illuminate\\database\\Connection.php(696): Illuminate\\Database\\Connection->Illuminate\\Database\\{closure}('SELECT * FROM s...', Array)
#2 C:\\xampp\\htdocs\\sicofi_api\\vendor\\illuminate\\database\\Connection.php(663): Illuminate\\Database\\Connection->runQueryCallback('SELECT * FROM s...', Array, Object(Closure))
#3 C:\\xampp\\htdocs\\sicofi_api\\vendor\\illuminate\\database\\Connection.php(367): Illuminate\\Database\\Connection->run('SELECT * FROM s...', Array, Object(Closure))
#4 C:\\xampp\\htdocs\\sicofi_api\\vendor\\illuminate\\database\\DatabaseManager.php(388): Illuminate\\Database\\Connection->select('SELECT * FROM s...')
#5 C:\\xampp\\htdocs\\sicofi_api\\vendor\\illuminate\\support\\Facades\\Facade.php(261): Illuminate\\Database\\DatabaseManager->__call('select', Array)
#6 C:\\xampp\\htdocs\\sicofi_api\\app\\Http\\Controllers\\PrintController.php(431): Illuminate\\Support\\Facades\\Facade::__callStatic('select', Array)
#7 C:\\xampp\\htdocs\\sicofi_api\\vendor\\illuminate\\container\\BoundMethod.php(36): App\\Http\\Controllers\\PrintController->SFgobal_comp('2')
#8 C:\\xampp\\htdocs\\sicofi_api\\vendor\\illuminate\\container\\Util.php(40): Illuminate\\Container\\BoundMethod::Illuminate\\Container\\{closure}()
#9 C:\\xampp\\htdocs\\sicofi_api\\vendor\\illuminate\\container\\BoundMethod.php(93): Illuminate\\Container\\Util::unwrapIfClosure(Object(Closure))
#10 C:\\xampp\\htdocs\\sicofi_api\\vendor\\illuminate\\container\\BoundMethod.php(37): Illuminate\\Container\\BoundMethod::callBoundMethod(Object(Laravel\\Lumen\\Application), Array, Object(Closure))
#11 C:\\xampp\\htdocs\\sicofi_api\\vendor\\illuminate\\container\\Container.php(653): Illuminate\\Container\\BoundMethod::call(Object(Laravel\\Lumen\\Application), Array, Array, NULL)
#12 C:\\xampp\\htdocs\\sicofi_api\\vendor\\laravel\\lumen-framework\\src\\Concerns\\RoutesRequests.php(389): Illuminate\\Container\\Container->call(Array, Array)
#13 C:\\xampp\\htdocs\\sicofi_api\\vendor\\laravel\\lumen-framework\\src\\Concerns\\RoutesRequests.php(355): Laravel\\Lumen\\Application->callControllerCallable(Array, Array)
#14 C:\\xampp\\htdocs\\sicofi_api\\vendor\\laravel\\lumen-framework\\src\\Concerns\\RoutesRequests.php(329): Laravel\\Lumen\\Application->callLumenController(Object(App\\Http\\Controllers\\PrintController), 'SFgobal_comp', Array)
#15 C:\\xampp\\htdocs\\sicofi_api\\vendor\\laravel\\lumen-framework\\src\\Concerns\\RoutesRequests.php(282): Laravel\\Lumen\\Application->callControllerAction(Array)
#16 C:\\xampp\\htdocs\\sicofi_api\\vendor\\laravel\\lumen-framework\\src\\Concerns\\RoutesRequests.php(267): Laravel\\Lumen\\Application->callActionOnArrayBasedRoute(Array)
#17 C:\\xampp\\htdocs\\sicofi_api\\vendor\\laravel\\lumen-framework\\src\\Concerns\\RoutesRequests.php(237): Laravel\\Lumen\\Application->handleFoundRoute(Array)
#18 C:\\xampp\\htdocs\\sicofi_api\\vendor\\laravel\\lumen-framework\\src\\Concerns\\RoutesRequests.php(173): Laravel\\Lumen\\Application->handleDispatcherResponse(Array)
#19 C:\\xampp\\htdocs\\sicofi_api\\vendor\\laravel\\lumen-framework\\src\\Routing\\Pipeline.php(48): Laravel\\Lumen\\Application->Laravel\\Lumen\\Concerns\\{closure}(Object(Laravel\\Lumen\\Http\\Request))
#20 C:\\xampp\\htdocs\\sicofi_api\\app\\Http\\Middleware\\CorsMiddleware.php(28): Laravel\\Lumen\\Routing\\Pipeline->Laravel\\Lumen\\Routing\\{closure}(Object(Laravel\\Lumen\\Http\\Request))
#21 C:\\xampp\\htdocs\\sicofi_api\\vendor\\illuminate\\pipeline\\Pipeline.php(167): App\\Http\\Middleware\\CorsMiddleware->handle(Object(Laravel\\Lumen\\Http\\Request), Object(Closure))
#22 C:\\xampp\\htdocs\\sicofi_api\\vendor\\laravel\\lumen-framework\\src\\Routing\\Pipeline.php(30): Illuminate\\Pipeline\\Pipeline->Illuminate\\Pipeline\\{closure}(Object(Laravel\\Lumen\\Http\\Request))
#23 C:\\xampp\\htdocs\\sicofi_api\\vendor\\illuminate\\pipeline\\Pipeline.php(103): Laravel\\Lumen\\Routing\\Pipeline->Laravel\\Lumen\\Routing\\{closure}(Object(Laravel\\Lumen\\Http\\Request))
#24 C:\\xampp\\htdocs\\sicofi_api\\vendor\\laravel\\lumen-framework\\src\\Concerns\\RoutesRequests.php(426): Illuminate\\Pipeline\\Pipeline->then(Object(Closure))
#25 C:\\xampp\\htdocs\\sicofi_api\\vendor\\laravel\\lumen-framework\\src\\Concerns\\RoutesRequests.php(175): Laravel\\Lumen\\Application->sendThroughPipeline(Array, Object(Closure))
#26 C:\\xampp\\htdocs\\sicofi_api\\vendor\\laravel\\lumen-framework\\src\\Concerns\\RoutesRequests.php(112): Laravel\\Lumen\\Application->dispatch(NULL)
#27 C:\\xampp\\htdocs\\sicofi_api\\public\\index.php(28): Laravel\\Lumen\\Application->run()
#28 {main}
"} 
[2022-01-25 17:43:44] local.ERROR: SQLSTATE[42S02]: Base table or view not found: 1146 Table 'sicofi.checklist' doesn't exist (SQL: SELECT * FROM checkList WHERE sfId = '2020-2_SF-30176-2_pro-2' AND active = 1) {"exception":"[object] (Illuminate\\Database\\QueryException(code: 42S02): SQLSTATE[42S02]: Base table or view not found: 1146 Table 'sicofi.checklist' doesn't exist (SQL: SELECT * FROM checkList WHERE sfId = '2020-2_SF-30176-2_pro-2' AND active = 1) at C:\\xampp\\htdocs\\sicofi_api\\vendor\\illuminate\\database\\Connection.php:703)
[stacktrace]
#0 C:\\xampp\\htdocs\\sicofi_api\\vendor\\illuminate\\database\\Connection.php(663): Illuminate\\Database\\Connection->runQueryCallback('SELECT * FROM c...', Array, Object(Closure))
#1 C:\\xampp\\htdocs\\sicofi_api\\vendor\\illuminate\\database\\Connection.php(367): Illuminate\\Database\\Connection->run('SELECT * FROM c...', Array, Object(Closure))
#2 C:\\xampp\\htdocs\\sicofi_api\\vendor\\illuminate\\database\\DatabaseManager.php(388): Illuminate\\Database\\Connection->select('SELECT * FROM c...')
#3 C:\\xampp\\htdocs\\sicofi_api\\vendor\\illuminate\\support\\Facades\\Facade.php(261): Illuminate\\Database\\DatabaseManager->__call('select', Array)
#4 C:\\xampp\\htdocs\\sicofi_api\\app\\Http\\Controllers\\PrintController.php(431): Illuminate\\Support\\Facades\\Facade::__callStatic('select', Array)
#5 C:\\xampp\\htdocs\\sicofi_api\\vendor\\illuminate\\container\\BoundMethod.php(36): App\\Http\\Controllers\\PrintController->SFgobal_comp('2')
#6 C:\\xampp\\htdocs\\sicofi_api\\vendor\\illuminate\\container\\Util.php(40): Illuminate\\Container\\BoundMethod::Illuminate\\Container\\{closure}()
#7 C:\\xampp\\htdocs\\sicofi_api\\vendor\\illuminate\\container\\BoundMethod.php(93): Illuminate\\Container\\Util::unwrapIfClosure(Object(Closure))
#8 C:\\xampp\\htdocs\\sicofi_api\\vendor\\illuminate\\container\\BoundMethod.php(37): Illuminate\\Container\\BoundMethod::callBoundMethod(Object(Laravel\\Lumen\\Application), Array, Object(Closure))
#9 C:\\xampp\\htdocs\\sicofi_api\\vendor\\illuminate\\container\\Container.php(653): Illuminate\\Container\\BoundMethod::call(Object(Laravel\\Lumen\\Application), Array, Array, NULL)
#10 C:\\xampp\\htdocs\\sicofi_api\\vendor\\laravel\\lumen-framework\\src\\Concerns\\RoutesRequests.php(389): Illuminate\\Container\\Container->call(Array, Array)
#11 C:\\xampp\\htdocs\\sicofi_api\\vendor\\laravel\\lumen-framework\\src\\Concerns\\RoutesRequests.php(355): Laravel\\Lumen\\Application->callControllerCallable(Array, Array)
#12 C:\\xampp\\htdocs\\sicofi_api\\vendor\\laravel\\lumen-framework\\src\\Concerns\\RoutesRequests.php(329): Laravel\\Lumen\\Application->callLumenController(Object(App\\Http\\Controllers\\PrintController), 'SFgobal_comp', Array)
#13 C:\\xampp\\htdocs\\sicofi_api\\vendor\\laravel\\lumen-framework\\src\\Concerns\\RoutesRequests.php(282): Laravel\\Lumen\\Application->callControllerAction(Array)
#14 C:\\xampp\\htdocs\\sicofi_api\\vendor\\laravel\\lumen-framework\\src\\Concerns\\RoutesRequests.php(267): Laravel\\Lumen\\Application->callActionOnArrayBasedRoute(Array)
#15 C:\\xampp\\htdocs\\sicofi_api\\vendor\\laravel\\lumen-framework\\src\\Concerns\\RoutesRequests.php(237): Laravel\\Lumen\\Application->handleFoundRoute(Array)
#16 C:\\xampp\\htdocs\\sicofi_api\\vendor\\laravel\\lumen-framework\\src\\Concerns\\RoutesRequests.php(173): Laravel\\Lumen\\Application->handleDispatcherResponse(Array)
#17 C:\\xampp\\htdocs\\sicofi_api\\vendor\\laravel\\lumen-framework\\src\\Routing\\Pipeline.php(48): Laravel\\Lumen\\Application->Laravel\\Lumen\\Concerns\\{closure}(Object(Laravel\\Lumen\\Http\\Request))
#18 C:\\xampp\\htdocs\\sicofi_api\\app\\Http\\Middleware\\CorsMiddleware.php(28): Laravel\\Lumen\\Routing\\Pipeline->Laravel\\Lumen\\Routing\\{closure}(Object(Laravel\\Lumen\\Http\\Request))
#19 C:\\xampp\\htdocs\\sicofi_api\\vendor\\illuminate\\pipeline\\Pipeline.php(167): App\\Http\\Middleware\\CorsMiddleware->handle(Object(Laravel\\Lumen\\Http\\Request), Object(Closure))
#20 C:\\xampp\\htdocs\\sicofi_api\\vendor\\laravel\\lumen-framework\\src\\Routing\\Pipeline.php(30): Illuminate\\Pipeline\\Pipeline->Illuminate\\Pipeline\\{closure}(Object(Laravel\\Lumen\\Http\\Request))
#21 C:\\xampp\\htdocs\\sicofi_api\\vendor\\illuminate\\pipeline\\Pipeline.php(103): Laravel\\Lumen\\Routing\\Pipeline->Laravel\\Lumen\\Routing\\{closure}(Object(Laravel\\Lumen\\Http\\Request))
#22 C:\\xampp\\htdocs\\sicofi_api\\vendor\\laravel\\lumen-framework\\src\\Concerns\\RoutesRequests.php(426): Illuminate\\Pipeline\\Pipeline->then(Object(Closure))
#23 C:\\xampp\\htdocs\\sicofi_api\\vendor\\laravel\\lumen-framework\\src\\Concerns\\RoutesRequests.php(175): Laravel\\Lumen\\Application->sendThroughPipeline(Array, Object(Closure))
#24 C:\\xampp\\htdocs\\sicofi_api\\vendor\\laravel\\lumen-framework\\src\\Concerns\\RoutesRequests.php(112): Laravel\\Lumen\\Application->dispatch(NULL)
#25 C:\\xampp\\htdocs\\sicofi_api\\public\\index.php(28): Laravel\\Lumen\\Application->run()
#26 {main}

[previous exception] [object] (PDOException(code: 42S02): SQLSTATE[42S02]: Base table or view not found: 1146 Table 'sicofi.checklist' doesn't exist at C:\\xampp\\htdocs\\sicofi_api\\vendor\\illuminate\\database\\Connection.php:359)
[stacktrace]
#0 C:\\xampp\\htdocs\\sicofi_api\\vendor\\illuminate\\database\\Connection.php(359): PDO->prepare('SELECT * FROM c...')
#1 C:\\xampp\\htdocs\\sicofi_api\\vendor\\illuminate\\database\\Connection.php(696): Illuminate\\Database\\Connection->Illuminate\\Database\\{closure}('SELECT * FROM c...', Array)
#2 C:\\xampp\\htdocs\\sicofi_api\\vendor\\illuminate\\database\\Connection.php(663): Illuminate\\Database\\Connection->runQueryCallback('SELECT * FROM c...', Array, Object(Closure))
#3 C:\\xampp\\htdocs\\sicofi_api\\vendor\\illuminate\\database\\Connection.php(367): Illuminate\\Database\\Connection->run('SELECT * FROM c...', Array, Object(Closure))
#4 C:\\xampp\\htdocs\\sicofi_api\\vendor\\illuminate\\database\\DatabaseManager.php(388): Illuminate\\Database\\Connection->select('SELECT * FROM c...')
#5 C:\\xampp\\htdocs\\sicofi_api\\vendor\\illuminate\\support\\Facades\\Facade.php(261): Illuminate\\Database\\DatabaseManager->__call('select', Array)
#6 C:\\xampp\\htdocs\\sicofi_api\\app\\Http\\Controllers\\PrintController.php(431): Illuminate\\Support\\Facades\\Facade::__callStatic('select', Array)
#7 C:\\xampp\\htdocs\\sicofi_api\\vendor\\illuminate\\container\\BoundMethod.php(36): App\\Http\\Controllers\\PrintController->SFgobal_comp('2')
#8 C:\\xampp\\htdocs\\sicofi_api\\vendor\\illuminate\\container\\Util.php(40): Illuminate\\Container\\BoundMethod::Illuminate\\Container\\{closure}()
#9 C:\\xampp\\htdocs\\sicofi_api\\vendor\\illuminate\\container\\BoundMethod.php(93): Illuminate\\Container\\Util::unwrapIfClosure(Object(Closure))
#10 C:\\xampp\\htdocs\\sicofi_api\\vendor\\illuminate\\container\\BoundMethod.php(37): Illuminate\\Container\\BoundMethod::callBoundMethod(Object(Laravel\\Lumen\\Application), Array, Object(Closure))
#11 C:\\xampp\\htdocs\\sicofi_api\\vendor\\illuminate\\container\\Container.php(653): Illuminate\\Container\\BoundMethod::call(Object(Laravel\\Lumen\\Application), Array, Array, NULL)
#12 C:\\xampp\\htdocs\\sicofi_api\\vendor\\laravel\\lumen-framework\\src\\Concerns\\RoutesRequests.php(389): Illuminate\\Container\\Container->call(Array, Array)
#13 C:\\xampp\\htdocs\\sicofi_api\\vendor\\laravel\\lumen-framework\\src\\Concerns\\RoutesRequests.php(355): Laravel\\Lumen\\Application->callControllerCallable(Array, Array)
#14 C:\\xampp\\htdocs\\sicofi_api\\vendor\\laravel\\lumen-framework\\src\\Concerns\\RoutesRequests.php(329): Laravel\\Lumen\\Application->callLumenController(Object(App\\Http\\Controllers\\PrintController), 'SFgobal_comp', Array)
#15 C:\\xampp\\htdocs\\sicofi_api\\vendor\\laravel\\lumen-framework\\src\\Concerns\\RoutesRequests.php(282): Laravel\\Lumen\\Application->callControllerAction(Array)
#16 C:\\xampp\\htdocs\\sicofi_api\\vendor\\laravel\\lumen-framework\\src\\Concerns\\RoutesRequests.php(267): Laravel\\Lumen\\Application->callActionOnArrayBasedRoute(Array)
#17 C:\\xampp\\htdocs\\sicofi_api\\vendor\\laravel\\lumen-framework\\src\\Concerns\\RoutesRequests.php(237): Laravel\\Lumen\\Application->handleFoundRoute(Array)
#18 C:\\xampp\\htdocs\\sicofi_api\\vendor\\laravel\\lumen-framework\\src\\Concerns\\RoutesRequests.php(173): Laravel\\Lumen\\Application->handleDispatcherResponse(Array)
#19 C:\\xampp\\htdocs\\sicofi_api\\vendor\\laravel\\lumen-framework\\src\\Routing\\Pipeline.php(48): Laravel\\Lumen\\Application->Laravel\\Lumen\\Concerns\\{closure}(Object(Laravel\\Lumen\\Http\\Request))
#20 C:\\xampp\\htdocs\\sicofi_api\\app\\Http\\Middleware\\CorsMiddleware.php(28): Laravel\\Lumen\\Routing\\Pipeline->Laravel\\Lumen\\Routing\\{closure}(Object(Laravel\\Lumen\\Http\\Request))
#21 C:\\xampp\\htdocs\\sicofi_api\\vendor\\illuminate\\pipeline\\Pipeline.php(167): App\\Http\\Middleware\\CorsMiddleware->handle(Object(Laravel\\Lumen\\Http\\Request), Object(Closure))
#22 C:\\xampp\\htdocs\\sicofi_api\\vendor\\laravel\\lumen-framework\\src\\Routing\\Pipeline.php(30): Illuminate\\Pipeline\\Pipeline->Illuminate\\Pipeline\\{closure}(Object(Laravel\\Lumen\\Http\\Request))
#23 C:\\xampp\\htdocs\\sicofi_api\\vendor\\illuminate\\pipeline\\Pipeline.php(103): Laravel\\Lumen\\Routing\\Pipeline->Laravel\\Lumen\\Routing\\{closure}(Object(Laravel\\Lumen\\Http\\Request))
#24 C:\\xampp\\htdocs\\sicofi_api\\vendor\\laravel\\lumen-framework\\src\\Concerns\\RoutesRequests.php(426): Illuminate\\Pipeline\\Pipeline->then(Object(Closure))
#25 C:\\xampp\\htdocs\\sicofi_api\\vendor\\laravel\\lumen-framework\\src\\Concerns\\RoutesRequests.php(175): Laravel\\Lumen\\Application->sendThroughPipeline(Array, Object(Closure))
#26 C:\\xampp\\htdocs\\sicofi_api\\vendor\\laravel\\lumen-framework\\src\\Concerns\\RoutesRequests.php(112): Laravel\\Lumen\\Application->dispatch(NULL)
#27 C:\\xampp\\htdocs\\sicofi_api\\public\\index.php(28): Laravel\\Lumen\\Application->run()
#28 {main}
"} 
[2022-01-25 17:51:40] local.ERROR: Undefined array key "checking" {"exception":"[object] (ErrorException(code: 0): Undefined array key \"checking\" at C:\\xampp\\htdocs\\sicofi_api\\app\\Http\\Controllers\\PrintController.php:449)
[stacktrace]
#0 C:\\xampp\\htdocs\\sicofi_api\\app\\Http\\Controllers\\PrintController.php(449): Laravel\\Lumen\\Application->Laravel\\Lumen\\Concerns\\{closure}(2, 'Undefined array...', 'C:\\\\xampp\\\\htdocs...', 449)
#1 C:\\xampp\\htdocs\\sicofi_api\\vendor\\illuminate\\container\\BoundMethod.php(36): App\\Http\\Controllers\\PrintController->SFgobal_comp('2')
#2 C:\\xampp\\htdocs\\sicofi_api\\vendor\\illuminate\\container\\Util.php(40): Illuminate\\Container\\BoundMethod::Illuminate\\Container\\{closure}()
#3 C:\\xampp\\htdocs\\sicofi_api\\vendor\\illuminate\\container\\BoundMethod.php(93): Illuminate\\Container\\Util::unwrapIfClosure(Object(Closure))
#4 C:\\xampp\\htdocs\\sicofi_api\\vendor\\illuminate\\container\\BoundMethod.php(37): Illuminate\\Container\\BoundMethod::callBoundMethod(Object(Laravel\\Lumen\\Application), Array, Object(Closure))
#5 C:\\xampp\\htdocs\\sicofi_api\\vendor\\illuminate\\container\\Container.php(653): Illuminate\\Container\\BoundMethod::call(Object(Laravel\\Lumen\\Application), Array, Array, NULL)
#6 C:\\xampp\\htdocs\\sicofi_api\\vendor\\laravel\\lumen-framework\\src\\Concerns\\RoutesRequests.php(389): Illuminate\\Container\\Container->call(Array, Array)
#7 C:\\xampp\\htdocs\\sicofi_api\\vendor\\laravel\\lumen-framework\\src\\Concerns\\RoutesRequests.php(355): Laravel\\Lumen\\Application->callControllerCallable(Array, Array)
#8 C:\\xampp\\htdocs\\sicofi_api\\vendor\\laravel\\lumen-framework\\src\\Concerns\\RoutesRequests.php(329): Laravel\\Lumen\\Application->callLumenController(Object(App\\Http\\Controllers\\PrintController), 'SFgobal_comp', Array)
#9 C:\\xampp\\htdocs\\sicofi_api\\vendor\\laravel\\lumen-framework\\src\\Concerns\\RoutesRequests.php(282): Laravel\\Lumen\\Application->callControllerAction(Array)
#10 C:\\xampp\\htdocs\\sicofi_api\\vendor\\laravel\\lumen-framework\\src\\Concerns\\RoutesRequests.php(267): Laravel\\Lumen\\Application->callActionOnArrayBasedRoute(Array)
#11 C:\\xampp\\htdocs\\sicofi_api\\vendor\\laravel\\lumen-framework\\src\\Concerns\\RoutesRequests.php(237): Laravel\\Lumen\\Application->handleFoundRoute(Array)
#12 C:\\xampp\\htdocs\\sicofi_api\\vendor\\laravel\\lumen-framework\\src\\Concerns\\RoutesRequests.php(173): Laravel\\Lumen\\Application->handleDispatcherResponse(Array)
#13 C:\\xampp\\htdocs\\sicofi_api\\vendor\\laravel\\lumen-framework\\src\\Routing\\Pipeline.php(48): Laravel\\Lumen\\Application->Laravel\\Lumen\\Concerns\\{closure}(Object(Laravel\\Lumen\\Http\\Request))
#14 C:\\xampp\\htdocs\\sicofi_api\\app\\Http\\Middleware\\CorsMiddleware.php(28): Laravel\\Lumen\\Routing\\Pipeline->Laravel\\Lumen\\Routing\\{closure}(Object(Laravel\\Lumen\\Http\\Request))
#15 C:\\xampp\\htdocs\\sicofi_api\\vendor\\illuminate\\pipeline\\Pipeline.php(167): App\\Http\\Middleware\\CorsMiddleware->handle(Object(Laravel\\Lumen\\Http\\Request), Object(Closure))
#16 C:\\xampp\\htdocs\\sicofi_api\\vendor\\laravel\\lumen-framework\\src\\Routing\\Pipeline.php(30): Illuminate\\Pipeline\\Pipeline->Illuminate\\Pipeline\\{closure}(Object(Laravel\\Lumen\\Http\\Request))
#17 C:\\xampp\\htdocs\\sicofi_api\\vendor\\illuminate\\pipeline\\Pipeline.php(103): Laravel\\Lumen\\Routing\\Pipeline->Laravel\\Lumen\\Routing\\{closure}(Object(Laravel\\Lumen\\Http\\Request))
#18 C:\\xampp\\htdocs\\sicofi_api\\vendor\\laravel\\lumen-framework\\src\\Concerns\\RoutesRequests.php(426): Illuminate\\Pipeline\\Pipeline->then(Object(Closure))
#19 C:\\xampp\\htdocs\\sicofi_api\\vendor\\laravel\\lumen-framework\\src\\Concerns\\RoutesRequests.php(175): Laravel\\Lumen\\Application->sendThroughPipeline(Array, Object(Closure))
#20 C:\\xampp\\htdocs\\sicofi_api\\vendor\\laravel\\lumen-framework\\src\\Concerns\\RoutesRequests.php(112): Laravel\\Lumen\\Application->dispatch(NULL)
#21 C:\\xampp\\htdocs\\sicofi_api\\public\\index.php(28): Laravel\\Lumen\\Application->run()
#22 {main}
"} 
[2022-01-25 17:58:10] local.ERROR: Undefined array key "checkList" {"exception":"[object] (ErrorException(code: 0): Undefined array key \"checkList\" at C:\\xampp\\htdocs\\sicofi_api\\app\\Http\\Controllers\\PrintController.php:507)
[stacktrace]
#0 C:\\xampp\\htdocs\\sicofi_api\\app\\Http\\Controllers\\PrintController.php(507): Laravel\\Lumen\\Application->Laravel\\Lumen\\Concerns\\{closure}(2, 'Undefined array...', 'C:\\\\xampp\\\\htdocs...', 507)
#1 C:\\xampp\\htdocs\\sicofi_api\\vendor\\illuminate\\container\\BoundMethod.php(36): App\\Http\\Controllers\\PrintController->SFgobal_comp('2')
#2 C:\\xampp\\htdocs\\sicofi_api\\vendor\\illuminate\\container\\Util.php(40): Illuminate\\Container\\BoundMethod::Illuminate\\Container\\{closure}()
#3 C:\\xampp\\htdocs\\sicofi_api\\vendor\\illuminate\\container\\BoundMethod.php(93): Illuminate\\Container\\Util::unwrapIfClosure(Object(Closure))
#4 C:\\xampp\\htdocs\\sicofi_api\\vendor\\illuminate\\container\\BoundMethod.php(37): Illuminate\\Container\\BoundMethod::callBoundMethod(Object(Laravel\\Lumen\\Application), Array, Object(Closure))
#5 C:\\xampp\\htdocs\\sicofi_api\\vendor\\illuminate\\container\\Container.php(653): Illuminate\\Container\\BoundMethod::call(Object(Laravel\\Lumen\\Application), Array, Array, NULL)
#6 C:\\xampp\\htdocs\\sicofi_api\\vendor\\laravel\\lumen-framework\\src\\Concerns\\RoutesRequests.php(389): Illuminate\\Container\\Container->call(Array, Array)
#7 C:\\xampp\\htdocs\\sicofi_api\\vendor\\laravel\\lumen-framework\\src\\Concerns\\RoutesRequests.php(355): Laravel\\Lumen\\Application->callControllerCallable(Array, Array)
#8 C:\\xampp\\htdocs\\sicofi_api\\vendor\\laravel\\lumen-framework\\src\\Concerns\\RoutesRequests.php(329): Laravel\\Lumen\\Application->callLumenController(Object(App\\Http\\Controllers\\PrintController), 'SFgobal_comp', Array)
#9 C:\\xampp\\htdocs\\sicofi_api\\vendor\\laravel\\lumen-framework\\src\\Concerns\\RoutesRequests.php(282): Laravel\\Lumen\\Application->callControllerAction(Array)
#10 C:\\xampp\\htdocs\\sicofi_api\\vendor\\laravel\\lumen-framework\\src\\Concerns\\RoutesRequests.php(267): Laravel\\Lumen\\Application->callActionOnArrayBasedRoute(Array)
#11 C:\\xampp\\htdocs\\sicofi_api\\vendor\\laravel\\lumen-framework\\src\\Concerns\\RoutesRequests.php(237): Laravel\\Lumen\\Application->handleFoundRoute(Array)
#12 C:\\xampp\\htdocs\\sicofi_api\\vendor\\laravel\\lumen-framework\\src\\Concerns\\RoutesRequests.php(173): Laravel\\Lumen\\Application->handleDispatcherResponse(Array)
#13 C:\\xampp\\htdocs\\sicofi_api\\vendor\\laravel\\lumen-framework\\src\\Routing\\Pipeline.php(48): Laravel\\Lumen\\Application->Laravel\\Lumen\\Concerns\\{closure}(Object(Laravel\\Lumen\\Http\\Request))
#14 C:\\xampp\\htdocs\\sicofi_api\\app\\Http\\Middleware\\CorsMiddleware.php(28): Laravel\\Lumen\\Routing\\Pipeline->Laravel\\Lumen\\Routing\\{closure}(Object(Laravel\\Lumen\\Http\\Request))
#15 C:\\xampp\\htdocs\\sicofi_api\\vendor\\illuminate\\pipeline\\Pipeline.php(167): App\\Http\\Middleware\\CorsMiddleware->handle(Object(Laravel\\Lumen\\Http\\Request), Object(Closure))
#16 C:\\xampp\\htdocs\\sicofi_api\\vendor\\laravel\\lumen-framework\\src\\Routing\\Pipeline.php(30): Illuminate\\Pipeline\\Pipeline->Illuminate\\Pipeline\\{closure}(Object(Laravel\\Lumen\\Http\\Request))
#17 C:\\xampp\\htdocs\\sicofi_api\\vendor\\illuminate\\pipeline\\Pipeline.php(103): Laravel\\Lumen\\Routing\\Pipeline->Laravel\\Lumen\\Routing\\{closure}(Object(Laravel\\Lumen\\Http\\Request))
#18 C:\\xampp\\htdocs\\sicofi_api\\vendor\\laravel\\lumen-framework\\src\\Concerns\\RoutesRequests.php(426): Illuminate\\Pipeline\\Pipeline->then(Object(Closure))
#19 C:\\xampp\\htdocs\\sicofi_api\\vendor\\laravel\\lumen-framework\\src\\Concerns\\RoutesRequests.php(175): Laravel\\Lumen\\Application->sendThroughPipeline(Array, Object(Closure))
#20 C:\\xampp\\htdocs\\sicofi_api\\vendor\\laravel\\lumen-framework\\src\\Concerns\\RoutesRequests.php(112): Laravel\\Lumen\\Application->dispatch(NULL)
#21 C:\\xampp\\htdocs\\sicofi_api\\public\\index.php(28): Laravel\\Lumen\\Application->run()
#22 {main}
"} 
[2022-01-25 17:58:53] local.ERROR: Undefined array key "checkList" {"exception":"[object] (ErrorException(code: 0): Undefined array key \"checkList\" at C:\\xampp\\htdocs\\sicofi_api\\app\\Http\\Controllers\\PrintController.php:507)
[stacktrace]
#0 C:\\xampp\\htdocs\\sicofi_api\\app\\Http\\Controllers\\PrintController.php(507): Laravel\\Lumen\\Application->Laravel\\Lumen\\Concerns\\{closure}(2, 'Undefined array...', 'C:\\\\xampp\\\\htdocs...', 507)
#1 C:\\xampp\\htdocs\\sicofi_api\\vendor\\illuminate\\container\\BoundMethod.php(36): App\\Http\\Controllers\\PrintController->SFgobal_comp('2')
#2 C:\\xampp\\htdocs\\sicofi_api\\vendor\\illuminate\\container\\Util.php(40): Illuminate\\Container\\BoundMethod::Illuminate\\Container\\{closure}()
#3 C:\\xampp\\htdocs\\sicofi_api\\vendor\\illuminate\\container\\BoundMethod.php(93): Illuminate\\Container\\Util::unwrapIfClosure(Object(Closure))
#4 C:\\xampp\\htdocs\\sicofi_api\\vendor\\illuminate\\container\\BoundMethod.php(37): Illuminate\\Container\\BoundMethod::callBoundMethod(Object(Laravel\\Lumen\\Application), Array, Object(Closure))
#5 C:\\xampp\\htdocs\\sicofi_api\\vendor\\illuminate\\container\\Container.php(653): Illuminate\\Container\\BoundMethod::call(Object(Laravel\\Lumen\\Application), Array, Array, NULL)
#6 C:\\xampp\\htdocs\\sicofi_api\\vendor\\laravel\\lumen-framework\\src\\Concerns\\RoutesRequests.php(389): Illuminate\\Container\\Container->call(Array, Array)
#7 C:\\xampp\\htdocs\\sicofi_api\\vendor\\laravel\\lumen-framework\\src\\Concerns\\RoutesRequests.php(355): Laravel\\Lumen\\Application->callControllerCallable(Array, Array)
#8 C:\\xampp\\htdocs\\sicofi_api\\vendor\\laravel\\lumen-framework\\src\\Concerns\\RoutesRequests.php(329): Laravel\\Lumen\\Application->callLumenController(Object(App\\Http\\Controllers\\PrintController), 'SFgobal_comp', Array)
#9 C:\\xampp\\htdocs\\sicofi_api\\vendor\\laravel\\lumen-framework\\src\\Concerns\\RoutesRequests.php(282): Laravel\\Lumen\\Application->callControllerAction(Array)
#10 C:\\xampp\\htdocs\\sicofi_api\\vendor\\laravel\\lumen-framework\\src\\Concerns\\RoutesRequests.php(267): Laravel\\Lumen\\Application->callActionOnArrayBasedRoute(Array)
#11 C:\\xampp\\htdocs\\sicofi_api\\vendor\\laravel\\lumen-framework\\src\\Concerns\\RoutesRequests.php(237): Laravel\\Lumen\\Application->handleFoundRoute(Array)
#12 C:\\xampp\\htdocs\\sicofi_api\\vendor\\laravel\\lumen-framework\\src\\Concerns\\RoutesRequests.php(173): Laravel\\Lumen\\Application->handleDispatcherResponse(Array)
#13 C:\\xampp\\htdocs\\sicofi_api\\vendor\\laravel\\lumen-framework\\src\\Routing\\Pipeline.php(48): Laravel\\Lumen\\Application->Laravel\\Lumen\\Concerns\\{closure}(Object(Laravel\\Lumen\\Http\\Request))
#14 C:\\xampp\\htdocs\\sicofi_api\\app\\Http\\Middleware\\CorsMiddleware.php(28): Laravel\\Lumen\\Routing\\Pipeline->Laravel\\Lumen\\Routing\\{closure}(Object(Laravel\\Lumen\\Http\\Request))
#15 C:\\xampp\\htdocs\\sicofi_api\\vendor\\illuminate\\pipeline\\Pipeline.php(167): App\\Http\\Middleware\\CorsMiddleware->handle(Object(Laravel\\Lumen\\Http\\Request), Object(Closure))
#16 C:\\xampp\\htdocs\\sicofi_api\\vendor\\laravel\\lumen-framework\\src\\Routing\\Pipeline.php(30): Illuminate\\Pipeline\\Pipeline->Illuminate\\Pipeline\\{closure}(Object(Laravel\\Lumen\\Http\\Request))
#17 C:\\xampp\\htdocs\\sicofi_api\\vendor\\illuminate\\pipeline\\Pipeline.php(103): Laravel\\Lumen\\Routing\\Pipeline->Laravel\\Lumen\\Routing\\{closure}(Object(Laravel\\Lumen\\Http\\Request))
#18 C:\\xampp\\htdocs\\sicofi_api\\vendor\\laravel\\lumen-framework\\src\\Concerns\\RoutesRequests.php(426): Illuminate\\Pipeline\\Pipeline->then(Object(Closure))
#19 C:\\xampp\\htdocs\\sicofi_api\\vendor\\laravel\\lumen-framework\\src\\Concerns\\RoutesRequests.php(175): Laravel\\Lumen\\Application->sendThroughPipeline(Array, Object(Closure))
#20 C:\\xampp\\htdocs\\sicofi_api\\vendor\\laravel\\lumen-framework\\src\\Concerns\\RoutesRequests.php(112): Laravel\\Lumen\\Application->dispatch(NULL)
#21 C:\\xampp\\htdocs\\sicofi_api\\public\\index.php(28): Laravel\\Lumen\\Application->run()
#22 {main}
"} 
[2022-01-25 18:02:09] local.ERROR: Undefined array key "checkList" {"exception":"[object] (ErrorException(code: 0): Undefined array key \"checkList\" at C:\\xampp\\htdocs\\sicofi_api\\app\\Http\\Controllers\\PrintController.php:507)
[stacktrace]
#0 C:\\xampp\\htdocs\\sicofi_api\\app\\Http\\Controllers\\PrintController.php(507): Laravel\\Lumen\\Application->Laravel\\Lumen\\Concerns\\{closure}(2, 'Undefined array...', 'C:\\\\xampp\\\\htdocs...', 507)
#1 C:\\xampp\\htdocs\\sicofi_api\\vendor\\illuminate\\container\\BoundMethod.php(36): App\\Http\\Controllers\\PrintController->SFgobal_comp('2')
#2 C:\\xampp\\htdocs\\sicofi_api\\vendor\\illuminate\\container\\Util.php(40): Illuminate\\Container\\BoundMethod::Illuminate\\Container\\{closure}()
#3 C:\\xampp\\htdocs\\sicofi_api\\vendor\\illuminate\\container\\BoundMethod.php(93): Illuminate\\Container\\Util::unwrapIfClosure(Object(Closure))
#4 C:\\xampp\\htdocs\\sicofi_api\\vendor\\illuminate\\container\\BoundMethod.php(37): Illuminate\\Container\\BoundMethod::callBoundMethod(Object(Laravel\\Lumen\\Application), Array, Object(Closure))
#5 C:\\xampp\\htdocs\\sicofi_api\\vendor\\illuminate\\container\\Container.php(653): Illuminate\\Container\\BoundMethod::call(Object(Laravel\\Lumen\\Application), Array, Array, NULL)
#6 C:\\xampp\\htdocs\\sicofi_api\\vendor\\laravel\\lumen-framework\\src\\Concerns\\RoutesRequests.php(389): Illuminate\\Container\\Container->call(Array, Array)
#7 C:\\xampp\\htdocs\\sicofi_api\\vendor\\laravel\\lumen-framework\\src\\Concerns\\RoutesRequests.php(355): Laravel\\Lumen\\Application->callControllerCallable(Array, Array)
#8 C:\\xampp\\htdocs\\sicofi_api\\vendor\\laravel\\lumen-framework\\src\\Concerns\\RoutesRequests.php(329): Laravel\\Lumen\\Application->callLumenController(Object(App\\Http\\Controllers\\PrintController), 'SFgobal_comp', Array)
#9 C:\\xampp\\htdocs\\sicofi_api\\vendor\\laravel\\lumen-framework\\src\\Concerns\\RoutesRequests.php(282): Laravel\\Lumen\\Application->callControllerAction(Array)
#10 C:\\xampp\\htdocs\\sicofi_api\\vendor\\laravel\\lumen-framework\\src\\Concerns\\RoutesRequests.php(267): Laravel\\Lumen\\Application->callActionOnArrayBasedRoute(Array)
#11 C:\\xampp\\htdocs\\sicofi_api\\vendor\\laravel\\lumen-framework\\src\\Concerns\\RoutesRequests.php(237): Laravel\\Lumen\\Application->handleFoundRoute(Array)
#12 C:\\xampp\\htdocs\\sicofi_api\\vendor\\laravel\\lumen-framework\\src\\Concerns\\RoutesRequests.php(173): Laravel\\Lumen\\Application->handleDispatcherResponse(Array)
#13 C:\\xampp\\htdocs\\sicofi_api\\vendor\\laravel\\lumen-framework\\src\\Routing\\Pipeline.php(48): Laravel\\Lumen\\Application->Laravel\\Lumen\\Concerns\\{closure}(Object(Laravel\\Lumen\\Http\\Request))
#14 C:\\xampp\\htdocs\\sicofi_api\\app\\Http\\Middleware\\CorsMiddleware.php(28): Laravel\\Lumen\\Routing\\Pipeline->Laravel\\Lumen\\Routing\\{closure}(Object(Laravel\\Lumen\\Http\\Request))
#15 C:\\xampp\\htdocs\\sicofi_api\\vendor\\illuminate\\pipeline\\Pipeline.php(167): App\\Http\\Middleware\\CorsMiddleware->handle(Object(Laravel\\Lumen\\Http\\Request), Object(Closure))
#16 C:\\xampp\\htdocs\\sicofi_api\\vendor\\laravel\\lumen-framework\\src\\Routing\\Pipeline.php(30): Illuminate\\Pipeline\\Pipeline->Illuminate\\Pipeline\\{closure}(Object(Laravel\\Lumen\\Http\\Request))
#17 C:\\xampp\\htdocs\\sicofi_api\\vendor\\illuminate\\pipeline\\Pipeline.php(103): Laravel\\Lumen\\Routing\\Pipeline->Laravel\\Lumen\\Routing\\{closure}(Object(Laravel\\Lumen\\Http\\Request))
#18 C:\\xampp\\htdocs\\sicofi_api\\vendor\\laravel\\lumen-framework\\src\\Concerns\\RoutesRequests.php(426): Illuminate\\Pipeline\\Pipeline->then(Object(Closure))
#19 C:\\xampp\\htdocs\\sicofi_api\\vendor\\laravel\\lumen-framework\\src\\Concerns\\RoutesRequests.php(175): Laravel\\Lumen\\Application->sendThroughPipeline(Array, Object(Closure))
#20 C:\\xampp\\htdocs\\sicofi_api\\vendor\\laravel\\lumen-framework\\src\\Concerns\\RoutesRequests.php(112): Laravel\\Lumen\\Application->dispatch(NULL)
#21 C:\\xampp\\htdocs\\sicofi_api\\public\\index.php(28): Laravel\\Lumen\\Application->run()
#22 {main}
"} 
[2022-01-25 18:02:09] local.ERROR: Undefined array key "checkList" {"exception":"[object] (ErrorException(code: 0): Undefined array key \"checkList\" at C:\\xampp\\htdocs\\sicofi_api\\app\\Http\\Controllers\\PrintController.php:507)
[stacktrace]
#0 C:\\xampp\\htdocs\\sicofi_api\\app\\Http\\Controllers\\PrintController.php(507): Laravel\\Lumen\\Application->Laravel\\Lumen\\Concerns\\{closure}(2, 'Undefined array...', 'C:\\\\xampp\\\\htdocs...', 507)
#1 C:\\xampp\\htdocs\\sicofi_api\\vendor\\illuminate\\container\\BoundMethod.php(36): App\\Http\\Controllers\\PrintController->SFgobal_comp('2')
#2 C:\\xampp\\htdocs\\sicofi_api\\vendor\\illuminate\\container\\Util.php(40): Illuminate\\Container\\BoundMethod::Illuminate\\Container\\{closure}()
#3 C:\\xampp\\htdocs\\sicofi_api\\vendor\\illuminate\\container\\BoundMethod.php(93): Illuminate\\Container\\Util::unwrapIfClosure(Object(Closure))
#4 C:\\xampp\\htdocs\\sicofi_api\\vendor\\illuminate\\container\\BoundMethod.php(37): Illuminate\\Container\\BoundMethod::callBoundMethod(Object(Laravel\\Lumen\\Application), Array, Object(Closure))
#5 C:\\xampp\\htdocs\\sicofi_api\\vendor\\illuminate\\container\\Container.php(653): Illuminate\\Container\\BoundMethod::call(Object(Laravel\\Lumen\\Application), Array, Array, NULL)
#6 C:\\xampp\\htdocs\\sicofi_api\\vendor\\laravel\\lumen-framework\\src\\Concerns\\RoutesRequests.php(389): Illuminate\\Container\\Container->call(Array, Array)
#7 C:\\xampp\\htdocs\\sicofi_api\\vendor\\laravel\\lumen-framework\\src\\Concerns\\RoutesRequests.php(355): Laravel\\Lumen\\Application->callControllerCallable(Array, Array)
#8 C:\\xampp\\htdocs\\sicofi_api\\vendor\\laravel\\lumen-framework\\src\\Concerns\\RoutesRequests.php(329): Laravel\\Lumen\\Application->callLumenController(Object(App\\Http\\Controllers\\PrintController), 'SFgobal_comp', Array)
#9 C:\\xampp\\htdocs\\sicofi_api\\vendor\\laravel\\lumen-framework\\src\\Concerns\\RoutesRequests.php(282): Laravel\\Lumen\\Application->callControllerAction(Array)
#10 C:\\xampp\\htdocs\\sicofi_api\\vendor\\laravel\\lumen-framework\\src\\Concerns\\RoutesRequests.php(267): Laravel\\Lumen\\Application->callActionOnArrayBasedRoute(Array)
#11 C:\\xampp\\htdocs\\sicofi_api\\vendor\\laravel\\lumen-framework\\src\\Concerns\\RoutesRequests.php(237): Laravel\\Lumen\\Application->handleFoundRoute(Array)
#12 C:\\xampp\\htdocs\\sicofi_api\\vendor\\laravel\\lumen-framework\\src\\Concerns\\RoutesRequests.php(173): Laravel\\Lumen\\Application->handleDispatcherResponse(Array)
#13 C:\\xampp\\htdocs\\sicofi_api\\vendor\\laravel\\lumen-framework\\src\\Routing\\Pipeline.php(48): Laravel\\Lumen\\Application->Laravel\\Lumen\\Concerns\\{closure}(Object(Laravel\\Lumen\\Http\\Request))
#14 C:\\xampp\\htdocs\\sicofi_api\\app\\Http\\Middleware\\CorsMiddleware.php(28): Laravel\\Lumen\\Routing\\Pipeline->Laravel\\Lumen\\Routing\\{closure}(Object(Laravel\\Lumen\\Http\\Request))
#15 C:\\xampp\\htdocs\\sicofi_api\\vendor\\illuminate\\pipeline\\Pipeline.php(167): App\\Http\\Middleware\\CorsMiddleware->handle(Object(Laravel\\Lumen\\Http\\Request), Object(Closure))
#16 C:\\xampp\\htdocs\\sicofi_api\\vendor\\laravel\\lumen-framework\\src\\Routing\\Pipeline.php(30): Illuminate\\Pipeline\\Pipeline->Illuminate\\Pipeline\\{closure}(Object(Laravel\\Lumen\\Http\\Request))
#17 C:\\xampp\\htdocs\\sicofi_api\\vendor\\illuminate\\pipeline\\Pipeline.php(103): Laravel\\Lumen\\Routing\\Pipeline->Laravel\\Lumen\\Routing\\{closure}(Object(Laravel\\Lumen\\Http\\Request))
#18 C:\\xampp\\htdocs\\sicofi_api\\vendor\\laravel\\lumen-framework\\src\\Concerns\\RoutesRequests.php(426): Illuminate\\Pipeline\\Pipeline->then(Object(Closure))
#19 C:\\xampp\\htdocs\\sicofi_api\\vendor\\laravel\\lumen-framework\\src\\Concerns\\RoutesRequests.php(175): Laravel\\Lumen\\Application->sendThroughPipeline(Array, Object(Closure))
#20 C:\\xampp\\htdocs\\sicofi_api\\vendor\\laravel\\lumen-framework\\src\\Concerns\\RoutesRequests.php(112): Laravel\\Lumen\\Application->dispatch(NULL)
#21 C:\\xampp\\htdocs\\sicofi_api\\public\\index.php(28): Laravel\\Lumen\\Application->run()
#22 {main}
"} 
[2022-01-25 18:02:10] local.ERROR: Undefined array key "checkList" {"exception":"[object] (ErrorException(code: 0): Undefined array key \"checkList\" at C:\\xampp\\htdocs\\sicofi_api\\app\\Http\\Controllers\\PrintController.php:507)
[stacktrace]
#0 C:\\xampp\\htdocs\\sicofi_api\\app\\Http\\Controllers\\PrintController.php(507): Laravel\\Lumen\\Application->Laravel\\Lumen\\Concerns\\{closure}(2, 'Undefined array...', 'C:\\\\xampp\\\\htdocs...', 507)
#1 C:\\xampp\\htdocs\\sicofi_api\\vendor\\illuminate\\container\\BoundMethod.php(36): App\\Http\\Controllers\\PrintController->SFgobal_comp('2')
#2 C:\\xampp\\htdocs\\sicofi_api\\vendor\\illuminate\\container\\Util.php(40): Illuminate\\Container\\BoundMethod::Illuminate\\Container\\{closure}()
#3 C:\\xampp\\htdocs\\sicofi_api\\vendor\\illuminate\\container\\BoundMethod.php(93): Illuminate\\Container\\Util::unwrapIfClosure(Object(Closure))
#4 C:\\xampp\\htdocs\\sicofi_api\\vendor\\illuminate\\container\\BoundMethod.php(37): Illuminate\\Container\\BoundMethod::callBoundMethod(Object(Laravel\\Lumen\\Application), Array, Object(Closure))
#5 C:\\xampp\\htdocs\\sicofi_api\\vendor\\illuminate\\container\\Container.php(653): Illuminate\\Container\\BoundMethod::call(Object(Laravel\\Lumen\\Application), Array, Array, NULL)
#6 C:\\xampp\\htdocs\\sicofi_api\\vendor\\laravel\\lumen-framework\\src\\Concerns\\RoutesRequests.php(389): Illuminate\\Container\\Container->call(Array, Array)
#7 C:\\xampp\\htdocs\\sicofi_api\\vendor\\laravel\\lumen-framework\\src\\Concerns\\RoutesRequests.php(355): Laravel\\Lumen\\Application->callControllerCallable(Array, Array)
#8 C:\\xampp\\htdocs\\sicofi_api\\vendor\\laravel\\lumen-framework\\src\\Concerns\\RoutesRequests.php(329): Laravel\\Lumen\\Application->callLumenController(Object(App\\Http\\Controllers\\PrintController), 'SFgobal_comp', Array)
#9 C:\\xampp\\htdocs\\sicofi_api\\vendor\\laravel\\lumen-framework\\src\\Concerns\\RoutesRequests.php(282): Laravel\\Lumen\\Application->callControllerAction(Array)
#10 C:\\xampp\\htdocs\\sicofi_api\\vendor\\laravel\\lumen-framework\\src\\Concerns\\RoutesRequests.php(267): Laravel\\Lumen\\Application->callActionOnArrayBasedRoute(Array)
#11 C:\\xampp\\htdocs\\sicofi_api\\vendor\\laravel\\lumen-framework\\src\\Concerns\\RoutesRequests.php(237): Laravel\\Lumen\\Application->handleFoundRoute(Array)
#12 C:\\xampp\\htdocs\\sicofi_api\\vendor\\laravel\\lumen-framework\\src\\Concerns\\RoutesRequests.php(173): Laravel\\Lumen\\Application->handleDispatcherResponse(Array)
#13 C:\\xampp\\htdocs\\sicofi_api\\vendor\\laravel\\lumen-framework\\src\\Routing\\Pipeline.php(48): Laravel\\Lumen\\Application->Laravel\\Lumen\\Concerns\\{closure}(Object(Laravel\\Lumen\\Http\\Request))
#14 C:\\xampp\\htdocs\\sicofi_api\\app\\Http\\Middleware\\CorsMiddleware.php(28): Laravel\\Lumen\\Routing\\Pipeline->Laravel\\Lumen\\Routing\\{closure}(Object(Laravel\\Lumen\\Http\\Request))
#15 C:\\xampp\\htdocs\\sicofi_api\\vendor\\illuminate\\pipeline\\Pipeline.php(167): App\\Http\\Middleware\\CorsMiddleware->handle(Object(Laravel\\Lumen\\Http\\Request), Object(Closure))
#16 C:\\xampp\\htdocs\\sicofi_api\\vendor\\laravel\\lumen-framework\\src\\Routing\\Pipeline.php(30): Illuminate\\Pipeline\\Pipeline->Illuminate\\Pipeline\\{closure}(Object(Laravel\\Lumen\\Http\\Request))
#17 C:\\xampp\\htdocs\\sicofi_api\\vendor\\illuminate\\pipeline\\Pipeline.php(103): Laravel\\Lumen\\Routing\\Pipeline->Laravel\\Lumen\\Routing\\{closure}(Object(Laravel\\Lumen\\Http\\Request))
#18 C:\\xampp\\htdocs\\sicofi_api\\vendor\\laravel\\lumen-framework\\src\\Concerns\\RoutesRequests.php(426): Illuminate\\Pipeline\\Pipeline->then(Object(Closure))
#19 C:\\xampp\\htdocs\\sicofi_api\\vendor\\laravel\\lumen-framework\\src\\Concerns\\RoutesRequests.php(175): Laravel\\Lumen\\Application->sendThroughPipeline(Array, Object(Closure))
#20 C:\\xampp\\htdocs\\sicofi_api\\vendor\\laravel\\lumen-framework\\src\\Concerns\\RoutesRequests.php(112): Laravel\\Lumen\\Application->dispatch(NULL)
#21 C:\\xampp\\htdocs\\sicofi_api\\public\\index.php(28): Laravel\\Lumen\\Application->run()
#22 {main}
"} 
[2022-01-25 18:02:10] local.ERROR: Undefined array key "checkList" {"exception":"[object] (ErrorException(code: 0): Undefined array key \"checkList\" at C:\\xampp\\htdocs\\sicofi_api\\app\\Http\\Controllers\\PrintController.php:507)
[stacktrace]
#0 C:\\xampp\\htdocs\\sicofi_api\\app\\Http\\Controllers\\PrintController.php(507): Laravel\\Lumen\\Application->Laravel\\Lumen\\Concerns\\{closure}(2, 'Undefined array...', 'C:\\\\xampp\\\\htdocs...', 507)
#1 C:\\xampp\\htdocs\\sicofi_api\\vendor\\illuminate\\container\\BoundMethod.php(36): App\\Http\\Controllers\\PrintController->SFgobal_comp('2')
#2 C:\\xampp\\htdocs\\sicofi_api\\vendor\\illuminate\\container\\Util.php(40): Illuminate\\Container\\BoundMethod::Illuminate\\Container\\{closure}()
#3 C:\\xampp\\htdocs\\sicofi_api\\vendor\\illuminate\\container\\BoundMethod.php(93): Illuminate\\Container\\Util::unwrapIfClosure(Object(Closure))
#4 C:\\xampp\\htdocs\\sicofi_api\\vendor\\illuminate\\container\\BoundMethod.php(37): Illuminate\\Container\\BoundMethod::callBoundMethod(Object(Laravel\\Lumen\\Application), Array, Object(Closure))
#5 C:\\xampp\\htdocs\\sicofi_api\\vendor\\illuminate\\container\\Container.php(653): Illuminate\\Container\\BoundMethod::call(Object(Laravel\\Lumen\\Application), Array, Array, NULL)
#6 C:\\xampp\\htdocs\\sicofi_api\\vendor\\laravel\\lumen-framework\\src\\Concerns\\RoutesRequests.php(389): Illuminate\\Container\\Container->call(Array, Array)
#7 C:\\xampp\\htdocs\\sicofi_api\\vendor\\laravel\\lumen-framework\\src\\Concerns\\RoutesRequests.php(355): Laravel\\Lumen\\Application->callControllerCallable(Array, Array)
#8 C:\\xampp\\htdocs\\sicofi_api\\vendor\\laravel\\lumen-framework\\src\\Concerns\\RoutesRequests.php(329): Laravel\\Lumen\\Application->callLumenController(Object(App\\Http\\Controllers\\PrintController), 'SFgobal_comp', Array)
#9 C:\\xampp\\htdocs\\sicofi_api\\vendor\\laravel\\lumen-framework\\src\\Concerns\\RoutesRequests.php(282): Laravel\\Lumen\\Application->callControllerAction(Array)
#10 C:\\xampp\\htdocs\\sicofi_api\\vendor\\laravel\\lumen-framework\\src\\Concerns\\RoutesRequests.php(267): Laravel\\Lumen\\Application->callActionOnArrayBasedRoute(Array)
#11 C:\\xampp\\htdocs\\sicofi_api\\vendor\\laravel\\lumen-framework\\src\\Concerns\\RoutesRequests.php(237): Laravel\\Lumen\\Application->handleFoundRoute(Array)
#12 C:\\xampp\\htdocs\\sicofi_api\\vendor\\laravel\\lumen-framework\\src\\Concerns\\RoutesRequests.php(173): Laravel\\Lumen\\Application->handleDispatcherResponse(Array)
#13 C:\\xampp\\htdocs\\sicofi_api\\vendor\\laravel\\lumen-framework\\src\\Routing\\Pipeline.php(48): Laravel\\Lumen\\Application->Laravel\\Lumen\\Concerns\\{closure}(Object(Laravel\\Lumen\\Http\\Request))
#14 C:\\xampp\\htdocs\\sicofi_api\\app\\Http\\Middleware\\CorsMiddleware.php(28): Laravel\\Lumen\\Routing\\Pipeline->Laravel\\Lumen\\Routing\\{closure}(Object(Laravel\\Lumen\\Http\\Request))
#15 C:\\xampp\\htdocs\\sicofi_api\\vendor\\illuminate\\pipeline\\Pipeline.php(167): App\\Http\\Middleware\\CorsMiddleware->handle(Object(Laravel\\Lumen\\Http\\Request), Object(Closure))
#16 C:\\xampp\\htdocs\\sicofi_api\\vendor\\laravel\\lumen-framework\\src\\Routing\\Pipeline.php(30): Illuminate\\Pipeline\\Pipeline->Illuminate\\Pipeline\\{closure}(Object(Laravel\\Lumen\\Http\\Request))
#17 C:\\xampp\\htdocs\\sicofi_api\\vendor\\illuminate\\pipeline\\Pipeline.php(103): Laravel\\Lumen\\Routing\\Pipeline->Laravel\\Lumen\\Routing\\{closure}(Object(Laravel\\Lumen\\Http\\Request))
#18 C:\\xampp\\htdocs\\sicofi_api\\vendor\\laravel\\lumen-framework\\src\\Concerns\\RoutesRequests.php(426): Illuminate\\Pipeline\\Pipeline->then(Object(Closure))
#19 C:\\xampp\\htdocs\\sicofi_api\\vendor\\laravel\\lumen-framework\\src\\Concerns\\RoutesRequests.php(175): Laravel\\Lumen\\Application->sendThroughPipeline(Array, Object(Closure))
#20 C:\\xampp\\htdocs\\sicofi_api\\vendor\\laravel\\lumen-framework\\src\\Concerns\\RoutesRequests.php(112): Laravel\\Lumen\\Application->dispatch(NULL)
#21 C:\\xampp\\htdocs\\sicofi_api\\public\\index.php(28): Laravel\\Lumen\\Application->run()
#22 {main}
"} 
[2022-01-25 18:02:10] local.ERROR: Undefined array key "checkList" {"exception":"[object] (ErrorException(code: 0): Undefined array key \"checkList\" at C:\\xampp\\htdocs\\sicofi_api\\app\\Http\\Controllers\\PrintController.php:507)
[stacktrace]
#0 C:\\xampp\\htdocs\\sicofi_api\\app\\Http\\Controllers\\PrintController.php(507): Laravel\\Lumen\\Application->Laravel\\Lumen\\Concerns\\{closure}(2, 'Undefined array...', 'C:\\\\xampp\\\\htdocs...', 507)
#1 C:\\xampp\\htdocs\\sicofi_api\\vendor\\illuminate\\container\\BoundMethod.php(36): App\\Http\\Controllers\\PrintController->SFgobal_comp('2')
#2 C:\\xampp\\htdocs\\sicofi_api\\vendor\\illuminate\\container\\Util.php(40): Illuminate\\Container\\BoundMethod::Illuminate\\Container\\{closure}()
#3 C:\\xampp\\htdocs\\sicofi_api\\vendor\\illuminate\\container\\BoundMethod.php(93): Illuminate\\Container\\Util::unwrapIfClosure(Object(Closure))
#4 C:\\xampp\\htdocs\\sicofi_api\\vendor\\illuminate\\container\\BoundMethod.php(37): Illuminate\\Container\\BoundMethod::callBoundMethod(Object(Laravel\\Lumen\\Application), Array, Object(Closure))
#5 C:\\xampp\\htdocs\\sicofi_api\\vendor\\illuminate\\container\\Container.php(653): Illuminate\\Container\\BoundMethod::call(Object(Laravel\\Lumen\\Application), Array, Array, NULL)
#6 C:\\xampp\\htdocs\\sicofi_api\\vendor\\laravel\\lumen-framework\\src\\Concerns\\RoutesRequests.php(389): Illuminate\\Container\\Container->call(Array, Array)
#7 C:\\xampp\\htdocs\\sicofi_api\\vendor\\laravel\\lumen-framework\\src\\Concerns\\RoutesRequests.php(355): Laravel\\Lumen\\Application->callControllerCallable(Array, Array)
#8 C:\\xampp\\htdocs\\sicofi_api\\vendor\\laravel\\lumen-framework\\src\\Concerns\\RoutesRequests.php(329): Laravel\\Lumen\\Application->callLumenController(Object(App\\Http\\Controllers\\PrintController), 'SFgobal_comp', Array)
#9 C:\\xampp\\htdocs\\sicofi_api\\vendor\\laravel\\lumen-framework\\src\\Concerns\\RoutesRequests.php(282): Laravel\\Lumen\\Application->callControllerAction(Array)
#10 C:\\xampp\\htdocs\\sicofi_api\\vendor\\laravel\\lumen-framework\\src\\Concerns\\RoutesRequests.php(267): Laravel\\Lumen\\Application->callActionOnArrayBasedRoute(Array)
#11 C:\\xampp\\htdocs\\sicofi_api\\vendor\\laravel\\lumen-framework\\src\\Concerns\\RoutesRequests.php(237): Laravel\\Lumen\\Application->handleFoundRoute(Array)
#12 C:\\xampp\\htdocs\\sicofi_api\\vendor\\laravel\\lumen-framework\\src\\Concerns\\RoutesRequests.php(173): Laravel\\Lumen\\Application->handleDispatcherResponse(Array)
#13 C:\\xampp\\htdocs\\sicofi_api\\vendor\\laravel\\lumen-framework\\src\\Routing\\Pipeline.php(48): Laravel\\Lumen\\Application->Laravel\\Lumen\\Concerns\\{closure}(Object(Laravel\\Lumen\\Http\\Request))
#14 C:\\xampp\\htdocs\\sicofi_api\\app\\Http\\Middleware\\CorsMiddleware.php(28): Laravel\\Lumen\\Routing\\Pipeline->Laravel\\Lumen\\Routing\\{closure}(Object(Laravel\\Lumen\\Http\\Request))
#15 C:\\xampp\\htdocs\\sicofi_api\\vendor\\illuminate\\pipeline\\Pipeline.php(167): App\\Http\\Middleware\\CorsMiddleware->handle(Object(Laravel\\Lumen\\Http\\Request), Object(Closure))
#16 C:\\xampp\\htdocs\\sicofi_api\\vendor\\laravel\\lumen-framework\\src\\Routing\\Pipeline.php(30): Illuminate\\Pipeline\\Pipeline->Illuminate\\Pipeline\\{closure}(Object(Laravel\\Lumen\\Http\\Request))
#17 C:\\xampp\\htdocs\\sicofi_api\\vendor\\illuminate\\pipeline\\Pipeline.php(103): Laravel\\Lumen\\Routing\\Pipeline->Laravel\\Lumen\\Routing\\{closure}(Object(Laravel\\Lumen\\Http\\Request))
#18 C:\\xampp\\htdocs\\sicofi_api\\vendor\\laravel\\lumen-framework\\src\\Concerns\\RoutesRequests.php(426): Illuminate\\Pipeline\\Pipeline->then(Object(Closure))
#19 C:\\xampp\\htdocs\\sicofi_api\\vendor\\laravel\\lumen-framework\\src\\Concerns\\RoutesRequests.php(175): Laravel\\Lumen\\Application->sendThroughPipeline(Array, Object(Closure))
#20 C:\\xampp\\htdocs\\sicofi_api\\vendor\\laravel\\lumen-framework\\src\\Concerns\\RoutesRequests.php(112): Laravel\\Lumen\\Application->dispatch(NULL)
#21 C:\\xampp\\htdocs\\sicofi_api\\public\\index.php(28): Laravel\\Lumen\\Application->run()
#22 {main}
"} 
[2022-01-25 18:02:10] local.ERROR: Undefined array key "checkList" {"exception":"[object] (ErrorException(code: 0): Undefined array key \"checkList\" at C:\\xampp\\htdocs\\sicofi_api\\app\\Http\\Controllers\\PrintController.php:507)
[stacktrace]
#0 C:\\xampp\\htdocs\\sicofi_api\\app\\Http\\Controllers\\PrintController.php(507): Laravel\\Lumen\\Application->Laravel\\Lumen\\Concerns\\{closure}(2, 'Undefined array...', 'C:\\\\xampp\\\\htdocs...', 507)
#1 C:\\xampp\\htdocs\\sicofi_api\\vendor\\illuminate\\container\\BoundMethod.php(36): App\\Http\\Controllers\\PrintController->SFgobal_comp('2')
#2 C:\\xampp\\htdocs\\sicofi_api\\vendor\\illuminate\\container\\Util.php(40): Illuminate\\Container\\BoundMethod::Illuminate\\Container\\{closure}()
#3 C:\\xampp\\htdocs\\sicofi_api\\vendor\\illuminate\\container\\BoundMethod.php(93): Illuminate\\Container\\Util::unwrapIfClosure(Object(Closure))
#4 C:\\xampp\\htdocs\\sicofi_api\\vendor\\illuminate\\container\\BoundMethod.php(37): Illuminate\\Container\\BoundMethod::callBoundMethod(Object(Laravel\\Lumen\\Application), Array, Object(Closure))
#5 C:\\xampp\\htdocs\\sicofi_api\\vendor\\illuminate\\container\\Container.php(653): Illuminate\\Container\\BoundMethod::call(Object(Laravel\\Lumen\\Application), Array, Array, NULL)
#6 C:\\xampp\\htdocs\\sicofi_api\\vendor\\laravel\\lumen-framework\\src\\Concerns\\RoutesRequests.php(389): Illuminate\\Container\\Container->call(Array, Array)
#7 C:\\xampp\\htdocs\\sicofi_api\\vendor\\laravel\\lumen-framework\\src\\Concerns\\RoutesRequests.php(355): Laravel\\Lumen\\Application->callControllerCallable(Array, Array)
#8 C:\\xampp\\htdocs\\sicofi_api\\vendor\\laravel\\lumen-framework\\src\\Concerns\\RoutesRequests.php(329): Laravel\\Lumen\\Application->callLumenController(Object(App\\Http\\Controllers\\PrintController), 'SFgobal_comp', Array)
#9 C:\\xampp\\htdocs\\sicofi_api\\vendor\\laravel\\lumen-framework\\src\\Concerns\\RoutesRequests.php(282): Laravel\\Lumen\\Application->callControllerAction(Array)
#10 C:\\xampp\\htdocs\\sicofi_api\\vendor\\laravel\\lumen-framework\\src\\Concerns\\RoutesRequests.php(267): Laravel\\Lumen\\Application->callActionOnArrayBasedRoute(Array)
#11 C:\\xampp\\htdocs\\sicofi_api\\vendor\\laravel\\lumen-framework\\src\\Concerns\\RoutesRequests.php(237): Laravel\\Lumen\\Application->handleFoundRoute(Array)
#12 C:\\xampp\\htdocs\\sicofi_api\\vendor\\laravel\\lumen-framework\\src\\Concerns\\RoutesRequests.php(173): Laravel\\Lumen\\Application->handleDispatcherResponse(Array)
#13 C:\\xampp\\htdocs\\sicofi_api\\vendor\\laravel\\lumen-framework\\src\\Routing\\Pipeline.php(48): Laravel\\Lumen\\Application->Laravel\\Lumen\\Concerns\\{closure}(Object(Laravel\\Lumen\\Http\\Request))
#14 C:\\xampp\\htdocs\\sicofi_api\\app\\Http\\Middleware\\CorsMiddleware.php(28): Laravel\\Lumen\\Routing\\Pipeline->Laravel\\Lumen\\Routing\\{closure}(Object(Laravel\\Lumen\\Http\\Request))
#15 C:\\xampp\\htdocs\\sicofi_api\\vendor\\illuminate\\pipeline\\Pipeline.php(167): App\\Http\\Middleware\\CorsMiddleware->handle(Object(Laravel\\Lumen\\Http\\Request), Object(Closure))
#16 C:\\xampp\\htdocs\\sicofi_api\\vendor\\laravel\\lumen-framework\\src\\Routing\\Pipeline.php(30): Illuminate\\Pipeline\\Pipeline->Illuminate\\Pipeline\\{closure}(Object(Laravel\\Lumen\\Http\\Request))
#17 C:\\xampp\\htdocs\\sicofi_api\\vendor\\illuminate\\pipeline\\Pipeline.php(103): Laravel\\Lumen\\Routing\\Pipeline->Laravel\\Lumen\\Routing\\{closure}(Object(Laravel\\Lumen\\Http\\Request))
#18 C:\\xampp\\htdocs\\sicofi_api\\vendor\\laravel\\lumen-framework\\src\\Concerns\\RoutesRequests.php(426): Illuminate\\Pipeline\\Pipeline->then(Object(Closure))
#19 C:\\xampp\\htdocs\\sicofi_api\\vendor\\laravel\\lumen-framework\\src\\Concerns\\RoutesRequests.php(175): Laravel\\Lumen\\Application->sendThroughPipeline(Array, Object(Closure))
#20 C:\\xampp\\htdocs\\sicofi_api\\vendor\\laravel\\lumen-framework\\src\\Concerns\\RoutesRequests.php(112): Laravel\\Lumen\\Application->dispatch(NULL)
#21 C:\\xampp\\htdocs\\sicofi_api\\public\\index.php(28): Laravel\\Lumen\\Application->run()
#22 {main}
"} 
[2022-01-25 18:04:08] local.ERROR: Undefined array key "checking" {"exception":"[object] (ErrorException(code: 0): Undefined array key \"checking\" at C:\\xampp\\htdocs\\sicofi_api\\app\\Http\\Controllers\\PrintController.php:528)
[stacktrace]
#0 C:\\xampp\\htdocs\\sicofi_api\\app\\Http\\Controllers\\PrintController.php(528): Laravel\\Lumen\\Application->Laravel\\Lumen\\Concerns\\{closure}(2, 'Undefined array...', 'C:\\\\xampp\\\\htdocs...', 528)
#1 C:\\xampp\\htdocs\\sicofi_api\\vendor\\illuminate\\container\\BoundMethod.php(36): App\\Http\\Controllers\\PrintController->SFgobal_comp('2')
#2 C:\\xampp\\htdocs\\sicofi_api\\vendor\\illuminate\\container\\Util.php(40): Illuminate\\Container\\BoundMethod::Illuminate\\Container\\{closure}()
#3 C:\\xampp\\htdocs\\sicofi_api\\vendor\\illuminate\\container\\BoundMethod.php(93): Illuminate\\Container\\Util::unwrapIfClosure(Object(Closure))
#4 C:\\xampp\\htdocs\\sicofi_api\\vendor\\illuminate\\container\\BoundMethod.php(37): Illuminate\\Container\\BoundMethod::callBoundMethod(Object(Laravel\\Lumen\\Application), Array, Object(Closure))
#5 C:\\xampp\\htdocs\\sicofi_api\\vendor\\illuminate\\container\\Container.php(653): Illuminate\\Container\\BoundMethod::call(Object(Laravel\\Lumen\\Application), Array, Array, NULL)
#6 C:\\xampp\\htdocs\\sicofi_api\\vendor\\laravel\\lumen-framework\\src\\Concerns\\RoutesRequests.php(389): Illuminate\\Container\\Container->call(Array, Array)
#7 C:\\xampp\\htdocs\\sicofi_api\\vendor\\laravel\\lumen-framework\\src\\Concerns\\RoutesRequests.php(355): Laravel\\Lumen\\Application->callControllerCallable(Array, Array)
#8 C:\\xampp\\htdocs\\sicofi_api\\vendor\\laravel\\lumen-framework\\src\\Concerns\\RoutesRequests.php(329): Laravel\\Lumen\\Application->callLumenController(Object(App\\Http\\Controllers\\PrintController), 'SFgobal_comp', Array)
#9 C:\\xampp\\htdocs\\sicofi_api\\vendor\\laravel\\lumen-framework\\src\\Concerns\\RoutesRequests.php(282): Laravel\\Lumen\\Application->callControllerAction(Array)
#10 C:\\xampp\\htdocs\\sicofi_api\\vendor\\laravel\\lumen-framework\\src\\Concerns\\RoutesRequests.php(267): Laravel\\Lumen\\Application->callActionOnArrayBasedRoute(Array)
#11 C:\\xampp\\htdocs\\sicofi_api\\vendor\\laravel\\lumen-framework\\src\\Concerns\\RoutesRequests.php(237): Laravel\\Lumen\\Application->handleFoundRoute(Array)
#12 C:\\xampp\\htdocs\\sicofi_api\\vendor\\laravel\\lumen-framework\\src\\Concerns\\RoutesRequests.php(173): Laravel\\Lumen\\Application->handleDispatcherResponse(Array)
#13 C:\\xampp\\htdocs\\sicofi_api\\vendor\\laravel\\lumen-framework\\src\\Routing\\Pipeline.php(48): Laravel\\Lumen\\Application->Laravel\\Lumen\\Concerns\\{closure}(Object(Laravel\\Lumen\\Http\\Request))
#14 C:\\xampp\\htdocs\\sicofi_api\\app\\Http\\Middleware\\CorsMiddleware.php(28): Laravel\\Lumen\\Routing\\Pipeline->Laravel\\Lumen\\Routing\\{closure}(Object(Laravel\\Lumen\\Http\\Request))
#15 C:\\xampp\\htdocs\\sicofi_api\\vendor\\illuminate\\pipeline\\Pipeline.php(167): App\\Http\\Middleware\\CorsMiddleware->handle(Object(Laravel\\Lumen\\Http\\Request), Object(Closure))
#16 C:\\xampp\\htdocs\\sicofi_api\\vendor\\laravel\\lumen-framework\\src\\Routing\\Pipeline.php(30): Illuminate\\Pipeline\\Pipeline->Illuminate\\Pipeline\\{closure}(Object(Laravel\\Lumen\\Http\\Request))
#17 C:\\xampp\\htdocs\\sicofi_api\\vendor\\illuminate\\pipeline\\Pipeline.php(103): Laravel\\Lumen\\Routing\\Pipeline->Laravel\\Lumen\\Routing\\{closure}(Object(Laravel\\Lumen\\Http\\Request))
#18 C:\\xampp\\htdocs\\sicofi_api\\vendor\\laravel\\lumen-framework\\src\\Concerns\\RoutesRequests.php(426): Illuminate\\Pipeline\\Pipeline->then(Object(Closure))
#19 C:\\xampp\\htdocs\\sicofi_api\\vendor\\laravel\\lumen-framework\\src\\Concerns\\RoutesRequests.php(175): Laravel\\Lumen\\Application->sendThroughPipeline(Array, Object(Closure))
#20 C:\\xampp\\htdocs\\sicofi_api\\vendor\\laravel\\lumen-framework\\src\\Concerns\\RoutesRequests.php(112): Laravel\\Lumen\\Application->dispatch(NULL)
#21 C:\\xampp\\htdocs\\sicofi_api\\public\\index.php(28): Laravel\\Lumen\\Application->run()
#22 {main}
"} 
